 Process in group number            1
 A PDF is used, so alpha_s(MZ) is going to be modified
 Old value of alpha_s from param_card:   0.11790000000000000     
  ****************************************
 
       NNPDFDriver version 1.0.3
   Grid: NNPDF23_lo_as_0130_qed_mem0.grid
  ****************************************
 New value of alpha_s from PDF nn23lo1:  0.13000000000000000     
 Define smin to   12165.055200000001     
 Define smin to   12165.055200000001     
 *****************************************************
 *               MadGraph/MadEvent                   *
 *        --------------------------------           *
 *          http://madgraph.hep.uiuc.edu             *
 *          http://madgraph.phys.ucl.ac.be           *
 *          http://madgraph.roma2.infn.it            *
 *        --------------------------------           *
 *                                                   *
 *          PARAMETER AND COUPLING VALUES            *
 *                                                   *
 *****************************************************

  External Params
  ---------------------------------
  
 mdl_cdHRe =    0.0000000000000000     
 mdl_cdHIm =   0.26472479999999998     
 mdl_LambdaSMEFT =    1000.0000000000000     
 mdl_MW =    80.387000000000000     
 mdl_Gf =    1.1663789999999999E-005
 aS =   0.11790000000000000     
 mdl_ymb =    4.1799999999999997     
 mdl_ymt =    172.75999999999999     
 mdl_MZ =    91.187600000000003     
 mdl_MT =    172.75999999999999     
 mdl_MB =    4.1799999999999997     
 mdl_MH =    125.09000000000000     
 mdl_WZ =    2.4952000000000001     
 mdl_WW =    2.0850000000000000     
 mdl_WT =    1.3300000000000001     
 mdl_WH =    4.0699999999999998E-003
  Internal Params
  ---------------------------------
  
 mdl_dg1 =    0.0000000000000000     
 mdl_cHq3 =    0.0000000000000000     
 mdl_dWW =    0.0000000000000000     
 mdl_dWHc =    0.0000000000000000     
 mdl_cH =    0.0000000000000000     
 mdl_dMH2 =    0.0000000000000000     
 mdl_cHB =    0.0000000000000000     
 mdl_dWHta =    0.0000000000000000     
 mdl_cHl3 =    0.0000000000000000     
 mdl_cHW =    0.0000000000000000     
 mdl_dGf =    0.0000000000000000     
 mdl_dgw =    0.0000000000000000     
 mdl_dkH =    0.0000000000000000     
 mdl_cHG =    0.0000000000000000     
 mdl_cHWB =    0.0000000000000000     
 mdl_complexi =                (0.0000000000000000,1.0000000000000000)
 mdl_cdH =               (0.0000000000000000,0.26472479999999998)
 mdl_MWsm =    80.387000000000000     
 mdl_MW__exp__2 =    6462.0697689999997     
 mdl_MZ__exp__2 =    8315.1783937600012     
 mdl_sqrt__2 =    1.4142135623730951     
 mdl_nb__2__exp__0_25 =    1.1892071150027210     
 mdl_MH__exp__2 =    15647.508100000001     
 mdl_sth2 =   0.22285855299877133     
 mdl_nb__10__exp___m_40 =    9.9999999999999993E-041
 mdl_MZ1 =    91.187600000000003     
 mdl_MH1 =    125.09000000000000     
 mdl_MT1 =    172.75999999999999     
 mdl_WZ1 =    2.4952000000000001     
 mdl_WW1 =    2.0850000000000000     
 mdl_WH1 =    4.0699999999999998E-003
 mdl_WT1 =    1.3300000000000001     
 mdl_cth =   0.88155626422890820     
 mdl_MW1 =    80.387000000000000     
 mdl_sqrt__sth2 =   0.47207896902824564     
 mdl_sth =   0.47207896902824564     
 mdl_LambdaSMEFT__exp__2 =    1000000.0000000000     
 mdl_MT__exp__2 =    29846.017599999996     
 mdl_MH__exp__6 =    3831206449390.3818     
 mdl_MWsm__exp__6 =    269845343347.69711     
 mdl_MH__exp__4 =    244844509.73956564     
 mdl_MWsm__exp__4 =    41758345.699423708     
 mdl_MWsm__exp__2 =    6462.0697689999997     
 mdl_MZ__exp__4 =    69142191.720053151     
 mdl_MZ__exp__6 =    574929658687.79749     
 mdl_cth__exp__2 =   0.77714144700122867     
 mdl_sth__exp__2 =   0.22285855299877130     
 mdl_MB__exp__2 =    17.472399999999997     
 mdl_MZ__exp__3 =    758241.16129882948     
 mdl_sth__exp__4 =    4.9665934644706158E-002
 mdl_sth__exp__6 =    1.1068478328250760E-002
 mdl_sth__exp__3 =   0.10520683593878660     
 mdl_sth__exp__5 =    2.3446243222897113E-002
 mdl_cth__exp__3 =   0.68509391079585125     
 mdl_aEW =    7.5614618607353409E-003
 mdl_sqrt__Gf =    3.4152291284773265E-003
 mdl_vevhat =    246.21961912951551     
 mdl_lam =   0.12905352724481209     
 mdl_sqrt__aEW =    8.6956666568672819E-002
 mdl_ee =   0.30825335704310214     
 mdl_yb =    2.4008698866559607E-002
 mdl_yt =   0.99228297037962632     
 mdl_vevhat__exp__2 =    60624.100844283676     
 mdl_vevT =    246.21961912951551     
 mdl_g1 =   0.34966952144878632     
 mdl_gw =   0.65296989967087182     
 mdl_ee__exp__2 =    9.5020132128342205E-002
 mdl_gHaa =   -1.9312250240531351E-003
 mdl_gHza =   -6.8562264784117729E-003
 mdl_barlam =   0.12905352724481209     
 mdl_gwsh =   0.65296989967087182     
 mdl_vev =    246.21961912951551     
 mdl_dWHb =   -0.0000000000000000     
 mdl_g1sh =   0.34966952144878632     
 mdl_ee__exp__3 =    2.9290274715240611E-002
 mdl_vevhat__exp__3 =    14926843.019948866     
  Internal Params evaluated point by point
  ----------------------------------------
  
 mdl_sqrt__aS =   0.34336569426778790     
 mdl_gHgg2 =   -3.6486270703817007E-004
 mdl_gHgg4 =    1.0424648772519146E-004
 mdl_gHgg5 =    1.8764367790534461E-003
 mdl_G__exp__2 =    1.4815750954329465     
 mdl_gHgg1 =    3.1273946317557436E-003
 mdl_gHgg3 =    7.6133275785037098E-004
 mdl_G__exp__3 =                (1.8033727530176447,0.0000000000000000)
 mdl_dWH =    0.0000000000000000     
  Couplings of SMEFTsim_U35_MwScheme_UFO-massless
  ---------------------------------
  
         GC_1 =   0.00000E+00   0.10275E+00
         GC_2 =  -0.00000E+00  -0.20550E+00
         GC_3 =  -0.00000E+00  -0.30825E+00
       GC_135 =  -0.00000E+00  -0.37035E+00
       GC_195 =  -0.00000E+00  -0.55024E-01
       GC_196 =   0.00000E+00   0.11005E+00
       GC_197 =  -0.00000E+00  -0.16507E+00
       GC_223 =  -0.00000E+00  -0.31374E-04
       GC_227 =  -0.00000E+00  -0.55692E-04
       GC_284 =   0.00000E+00   0.67543E+02
       GC_451 =  -0.00000E+00  -0.16977E-01
       GC_503 =  -0.27245E-03   0.00000E+00
       GC_504 =   0.00000E+00   0.00000E+00

 Collider parameters:
 --------------------

 Running at P P   machine @    13000.000000000000       GeV
 PDF set = nn23lo1
 alpha_s(Mz)= 0.1300 running at 2 loops.
 alpha_s(Mz)= 0.1300 running at 2 loops.
 Renormalization scale set on event-by-event basis
 Factorization   scale set on event-by-event basis


 getting user params
Enter number of events and max and min iterations: 
 Number of events and iterations         1000           5           3
Enter desired fractional accuracy: 
 Desired fractional accuracy:   0.10000000000000001     
Enter 0 for fixed, 2 for adjustable grid: 
Suppress amplitude (0 no, 1 yes)? 
 Using suppressed amplitude.
Exact helicity sum (0 yes, n = number/event)? 
 Explicitly summing over helicities
Enter Configuration Number: 
Running Configuration Number:   17
 Not subdividing B.W.
 Attempting mappinvarients           1           6
 Determine nb_t
 T-channel found:            0
 Completed mapping           6
 about to integrate           10        1000           5           3          10           1
 Using non-zero grid deformation.
 10 dimensions   1000 events 10 invarients  5 iterations  1 config(s),  (0.99)
 Using h-tuple random number sequence.
 Error opening grid
 Using Uniform Grid!          24
 Using uniform alpha   1.0000000000000000     
 Grid defined OK
 Masses: 0.000E+00 0.000E+00 0.418E+01 0.418E+01 0.000E+00 0.000E+00
 Set CM energy to      13000.00
 Mapping Graph          17  to config          17
 Determine nb_t
 T-channel found:            0
Setting grid   1    0.75740E-07   1
Setting grid   2    0.35611E-06   1
 Setting PDF BW           9           1   91.187600000000003     
 Transforming s_hat 1/s            9   4.7591100591715979E-006   12165.055200000001        168999999.99999997     
Using random seed offsets    17 :      1
  with seed                   33
 Ranmar initialization seeds       11965        9408
 
 ********************************************
 * You are using the DiscreteSampler module *
 *      part of the MG5_aMC framework       *
 *         Author: Valentin Hirschi         *
 ********************************************
 
  Particle       3       4       5       6
      Et >     0.0     0.0    10.0    10.0
       E >     0.0     0.0     0.0     0.0
     Eta <    -1.0    -1.0     2.5     2.5
   xqcut:      0.0     0.0     0.0     0.0
d R # 3  >    -0.0     0.0     0.0     0.0
d R # 4  >    -0.0    -0.0     0.0     0.0
d R # 5  >    -0.0    -0.0    -0.0     0.4
s min # 3>     0.0 12100.0    17.5     0.0
s min # 4>     0.0     0.0    17.5     0.0
s min # 5>     0.0     0.0     0.0     0.0
xqcutij # 3>     0.0     0.0     0.0     0.0
xqcutij # 4>     0.0     0.0     0.0     0.0
xqcutij # 5>     0.0     0.0     0.0     0.0
 No cut BW           -3           1
 alpha_s for scale    515.18377456037160       is   0.10098899751615824     
 RESET CUMULATIVE VARIABLE
 Iteration  1   Mean: 0.9880E-05 Abs mean: 0.9880E-05   Fluctuation:  0.261E-05   0.170E-02     5.5%
  1    0.9880E-05 0.9880E-05 +- 0.2606E-05      8.34
 Writing out events   3.6003067324969166E-008   8.3398494785353350     
 Relative summed weights:
  0.2889E+00  0.2877E+00  0.3946E-01  0.2877E-01
  0.9428E-01  0.2150E+00  0.2265E-01  0.2326E-01
 Relative number of events:
  0.5859E-01  0.4965E-01  0.7150E-01  0.7448E-01
  0.2870E+00  0.2741E+00  0.1053E+00  0.7944E-01
 Events:
          59          50          72          75
         289         276         106          80
 Iteration  2   Mean: 0.8670E-05 Abs mean: 0.8670E-05   Fluctuation:  0.217E-05   0.355E-02    10.8%
  2    0.8670E-05 0.8670E-05 +- 0.2167E-05     11.18
 Relative summed weights:
  0.3259E+00  0.5439E-01  0.9715E-01  0.5479E-01
  0.1208E+00  0.1214E+00  0.5430E-01  0.1714E+00
 Relative number of events:
  0.3702E-01  0.4002E-01  0.8954E-01  0.8504E-01
  0.3087E+00  0.2741E+00  0.8654E-01  0.7904E-01
 Events:
          74          80         179         170
         617         548         173         158
 Iteration  3   Mean: 0.9793E-05 Abs mean: 0.9793E-05   Fluctuation:  0.131E-05   0.324E-02    11.5%
  3    0.9793E-05 0.9793E-05 +- 0.1306E-05      8.43
 Relative summed weights:
  0.1669E+00  0.2098E+00  0.7510E-01  0.1248E+00
  0.1658E+00  0.1194E+00  0.9024E-01  0.4799E-01
 Relative number of events:
  0.4305E-01  0.4230E-01  0.7935E-01  0.7810E-01
  0.2979E+00  0.2931E+00  0.8561E-01  0.8060E-01
 Events:
         172         169         317         312
        1190        1171         342         322
 Accuracy:    0.033   0.100   0.107   0.093
 Finished due to accuracy    3.2698676970873197E-002  0.10000000000000001     

 -------------------------------------------------------------------------------
 Accumulated results:   Integral =  0.9600E-05
                        Std dev  =  0.1031E-05
                       Cross sec =  0.9600E-05
             Chi**2 per DoF.     =      0.0926
 -------------------------------------------------------------------------------
 Found          952  events.
 Wrote           10  events.
 Actual xsec    9.5997324249885015E-006
 Correct abs xsec    9.5998621703864427E-006
 Event xsec    9.5998621703864444E-006
 Events wgts > 1:            0
 % Cross section > 1:    0.0000000000000000        0.0000000000000000     
-------------------------------------------------
---------------------------
 Results Last   3 iters: Integral =   0.9600E-05
                     Abs integral =   0.9600E-05
                          Std dev =   0.1031E-05
                  Chi**2 per DoF. =      0.1088
-------------------------------------------------
---------------------------
 Status  0.10000000000000001                4           5

ls status:
events.lhe
ftn26
input_app.txt
results.dat
run1_app.log
run_01_log.txt
