 Process in group number            1
 A PDF is used, so alpha_s(MZ) is going to be modified
 Old value of alpha_s from param_card:   0.11790000000000000     
  ****************************************
 
       NNPDFDriver version 1.0.3
   Grid: NNPDF23_lo_as_0130_qed_mem0.grid
  ****************************************
 New value of alpha_s from PDF nn23lo1:  0.13000000000000000     
 Define smin to   12165.055200000001     
 Define smin to   12165.055200000001     
 *****************************************************
 *               MadGraph/MadEvent                   *
 *        --------------------------------           *
 *          http://madgraph.hep.uiuc.edu             *
 *          http://madgraph.phys.ucl.ac.be           *
 *          http://madgraph.roma2.infn.it            *
 *        --------------------------------           *
 *                                                   *
 *          PARAMETER AND COUPLING VALUES            *
 *                                                   *
 *****************************************************

  External Params
  ---------------------------------
  
 mdl_cdHRe =    0.0000000000000000     
 mdl_cdHIm =   0.26472479999999998     
 mdl_LambdaSMEFT =    1000.0000000000000     
 mdl_MW =    80.387000000000000     
 mdl_Gf =    1.1663789999999999E-005
 aS =   0.11790000000000000     
 mdl_ymb =    4.1799999999999997     
 mdl_ymt =    172.75999999999999     
 mdl_MZ =    91.187600000000003     
 mdl_MT =    172.75999999999999     
 mdl_MB =    4.1799999999999997     
 mdl_MH =    125.09000000000000     
 mdl_WZ =    2.4952000000000001     
 mdl_WW =    2.0850000000000000     
 mdl_WT =    1.3300000000000001     
 mdl_WH =    4.0699999999999998E-003
  Internal Params
  ---------------------------------
  
 mdl_dg1 =    0.0000000000000000     
 mdl_cHq3 =    0.0000000000000000     
 mdl_dWW =    0.0000000000000000     
 mdl_dWHc =    0.0000000000000000     
 mdl_cH =    0.0000000000000000     
 mdl_dMH2 =    0.0000000000000000     
 mdl_cHB =    0.0000000000000000     
 mdl_dWHta =    0.0000000000000000     
 mdl_cHl3 =    0.0000000000000000     
 mdl_cHW =    0.0000000000000000     
 mdl_dGf =    0.0000000000000000     
 mdl_dgw =    0.0000000000000000     
 mdl_dkH =    0.0000000000000000     
 mdl_cHG =    0.0000000000000000     
 mdl_cHWB =    0.0000000000000000     
 mdl_complexi =                (0.0000000000000000,1.0000000000000000)
 mdl_cdH =               (0.0000000000000000,0.26472479999999998)
 mdl_MWsm =    80.387000000000000     
 mdl_MW__exp__2 =    6462.0697689999997     
 mdl_MZ__exp__2 =    8315.1783937600012     
 mdl_sqrt__2 =    1.4142135623730951     
 mdl_nb__2__exp__0_25 =    1.1892071150027210     
 mdl_MH__exp__2 =    15647.508100000001     
 mdl_sth2 =   0.22285855299877133     
 mdl_nb__10__exp___m_40 =    9.9999999999999993E-041
 mdl_MZ1 =    91.187600000000003     
 mdl_MH1 =    125.09000000000000     
 mdl_MT1 =    172.75999999999999     
 mdl_WZ1 =    2.4952000000000001     
 mdl_WW1 =    2.0850000000000000     
 mdl_WH1 =    4.0699999999999998E-003
 mdl_WT1 =    1.3300000000000001     
 mdl_cth =   0.88155626422890820     
 mdl_MW1 =    80.387000000000000     
 mdl_sqrt__sth2 =   0.47207896902824564     
 mdl_sth =   0.47207896902824564     
 mdl_LambdaSMEFT__exp__2 =    1000000.0000000000     
 mdl_MT__exp__2 =    29846.017599999996     
 mdl_MH__exp__6 =    3831206449390.3818     
 mdl_MWsm__exp__6 =    269845343347.69711     
 mdl_MH__exp__4 =    244844509.73956564     
 mdl_MWsm__exp__4 =    41758345.699423708     
 mdl_MWsm__exp__2 =    6462.0697689999997     
 mdl_MZ__exp__4 =    69142191.720053151     
 mdl_MZ__exp__6 =    574929658687.79749     
 mdl_cth__exp__2 =   0.77714144700122867     
 mdl_sth__exp__2 =   0.22285855299877130     
 mdl_MB__exp__2 =    17.472399999999997     
 mdl_MZ__exp__3 =    758241.16129882948     
 mdl_sth__exp__4 =    4.9665934644706158E-002
 mdl_sth__exp__6 =    1.1068478328250760E-002
 mdl_sth__exp__3 =   0.10520683593878660     
 mdl_sth__exp__5 =    2.3446243222897113E-002
 mdl_cth__exp__3 =   0.68509391079585125     
 mdl_aEW =    7.5614618607353409E-003
 mdl_sqrt__Gf =    3.4152291284773265E-003
 mdl_vevhat =    246.21961912951551     
 mdl_lam =   0.12905352724481209     
 mdl_sqrt__aEW =    8.6956666568672819E-002
 mdl_ee =   0.30825335704310214     
 mdl_yb =    2.4008698866559607E-002
 mdl_yt =   0.99228297037962632     
 mdl_vevhat__exp__2 =    60624.100844283676     
 mdl_vevT =    246.21961912951551     
 mdl_g1 =   0.34966952144878632     
 mdl_gw =   0.65296989967087182     
 mdl_ee__exp__2 =    9.5020132128342205E-002
 mdl_gHaa =   -1.9312250240531351E-003
 mdl_gHza =   -6.8562264784117729E-003
 mdl_barlam =   0.12905352724481209     
 mdl_gwsh =   0.65296989967087182     
 mdl_vev =    246.21961912951551     
 mdl_dWHb =   -0.0000000000000000     
 mdl_g1sh =   0.34966952144878632     
 mdl_ee__exp__3 =    2.9290274715240611E-002
 mdl_vevhat__exp__3 =    14926843.019948866     
  Internal Params evaluated point by point
  ----------------------------------------
  
 mdl_sqrt__aS =   0.34336569426778790     
 mdl_gHgg2 =   -3.6486270703817007E-004
 mdl_gHgg4 =    1.0424648772519146E-004
 mdl_gHgg5 =    1.8764367790534461E-003
 mdl_G__exp__2 =    1.4815750954329465     
 mdl_gHgg1 =    3.1273946317557436E-003
 mdl_gHgg3 =    7.6133275785037098E-004
 mdl_G__exp__3 =                (1.8033727530176447,0.0000000000000000)
 mdl_dWH =    0.0000000000000000     
  Couplings of SMEFTsim_U35_MwScheme_UFO-massless
  ---------------------------------
  
         GC_1 =   0.00000E+00   0.10275E+00
         GC_2 =  -0.00000E+00  -0.20550E+00
         GC_3 =  -0.00000E+00  -0.30825E+00
       GC_135 =  -0.00000E+00  -0.37035E+00
       GC_195 =  -0.00000E+00  -0.55024E-01
       GC_196 =   0.00000E+00   0.11005E+00
       GC_197 =  -0.00000E+00  -0.16507E+00
       GC_223 =  -0.00000E+00  -0.31374E-04
       GC_227 =  -0.00000E+00  -0.55692E-04
       GC_284 =   0.00000E+00   0.67543E+02
       GC_451 =  -0.00000E+00  -0.16977E-01
       GC_503 =  -0.27245E-03   0.00000E+00
       GC_504 =   0.00000E+00   0.00000E+00

 Collider parameters:
 --------------------

 Running at P P   machine @    13000.000000000000       GeV
 PDF set = nn23lo1
 alpha_s(Mz)= 0.1300 running at 2 loops.
 alpha_s(Mz)= 0.1300 running at 2 loops.
 Renormalization scale set on event-by-event basis
 Factorization   scale set on event-by-event basis


 getting user params
Enter number of events and max and min iterations: 
 Number of events and iterations         1000           5           3
Enter desired fractional accuracy: 
 Desired fractional accuracy:   0.10000000000000001     
Enter 0 for fixed, 2 for adjustable grid: 
Suppress amplitude (0 no, 1 yes)? 
 Using suppressed amplitude.
Exact helicity sum (0 yes, n = number/event)? 
 Explicitly summing over helicities
Enter Configuration Number: 
Running Configuration Number:   23
 Not subdividing B.W.
 Attempting mappinvarients           1           6
 Determine nb_t
 T-channel found:            1
 Completed mapping           6
 about to integrate           10        1000           5           3          10           1
 Using non-zero grid deformation.
 10 dimensions   1000 events 10 invarients  5 iterations  1 config(s),  (0.99)
 Using h-tuple random number sequence.
 Error opening grid
 Using Uniform Grid!          24
 Using uniform alpha   1.0000000000000000     
 Grid defined OK
 Masses: 0.000E+00 0.000E+00 0.418E+01 0.418E+01 0.000E+00 0.000E+00
 Set CM energy to      13000.00
 Mapping Graph          23  to config          23
 Determine nb_t
 T-channel found:            1
Setting grid   1    0.71598E-04   1
 Setting BW          -2           1   91.187600000000003     
Setting grid   3    0.23669E-05   1
 Transforming s_hat 1/s            9   1.0000000000000002E-004   12165.055200000001        168999999.99999997     
Using random seed offsets    23 :      1
  with seed                   33
 Ranmar initialization seeds       11971        9408
 
 ********************************************
 * You are using the DiscreteSampler module *
 *      part of the MG5_aMC framework       *
 *         Author: Valentin Hirschi         *
 ********************************************
 
  Particle       3       4       5       6
      Et >     0.0     0.0    10.0    10.0
       E >     0.0     0.0     0.0     0.0
     Eta <    -1.0    -1.0     2.5     2.5
   xqcut:      0.0     0.0     0.0     0.0
d R # 3  >    -0.0     0.0     0.0     0.0
d R # 4  >    -0.0    -0.0     0.0     0.0
d R # 5  >    -0.0    -0.0    -0.0     0.4
s min # 3>     0.0 12100.0    17.5     0.0
s min # 4>     0.0     0.0    17.5     0.0
s min # 5>     0.0     0.0     0.0     0.0
xqcutij # 3>     0.0     0.0     0.0     0.0
xqcutij # 4>     0.0     0.0     0.0     0.0
xqcutij # 5>     0.0     0.0     0.0     0.0
 No cut BW           -2           1
 alpha_s for scale    128.77433857442796       is   0.12292857830679967     
 RESET CUMULATIVE VARIABLE
 Iteration  1   Mean: 0.2914E-03 Abs mean: 0.2914E-03   Fluctuation:  0.283E-04   0.142E-01    15.1%
  1    0.2914E-03 0.2914E-03 +- 0.2828E-04      3.07
 Writing out events   3.8653639371754597E-007   3.0695995773323230     
 Relative summed weights:
  0.2686E+00  0.2499E+00  0.1993E+00  0.2821E+00
 Relative number of events:
  0.3211E+00  0.3211E+00  0.1893E+00  0.1685E+00
 Events:
         324         324         191         170
 Iteration  2   Mean: 0.5991E-03 Abs mean: 0.5991E-03   Fluctuation:  0.252E-03   0.456E+00    39.1%
  2    0.5991E-03 0.5991E-03 +- 0.2516E-03     18.78
 Relative summed weights:
  0.1262E+00  0.9795E-01  0.4675E+00  0.3083E+00
 Relative number of events:
  0.3320E+00  0.3175E+00  0.1785E+00  0.1720E+00
 Events:
         664         635         357         344
 Iteration  3   Mean: 0.8468E-03 Abs mean: 0.8468E-03   Fluctuation:  0.419E-03   0.162E+01    49.8%
  3    0.8468E-03 0.8468E-03 +- 0.4188E-03     31.28
 Relative summed weights:
  0.5733E+00  0.2319E+00  0.9159E-01  0.1031E+00
 Relative number of events:
  0.3095E+00  0.3302E+00  0.1800E+00  0.1802E+00
 Events:
        1238        1321         720         721
 Accuracy:    0.259   0.100   0.093   7.801
 Found          334  events.
 Wrote            1  events.
 Actual xsec    3.2601237151125653E-004
 Correct abs xsec    3.2601237151125653E-004
 Event xsec    3.2601237151125653E-004
 Events wgts > 1:            1
 % Cross section > 1:    1.8593526241242331E-011   5.7033192191604717E-006
 Iteration  4   Mean: 0.7327E-03 Abs mean: 0.7327E-03   Fluctuation:  0.191E-03   0.121E+01    58.3%
  4    0.7327E-03 0.7327E-03 +- 0.1910E-03     23.31
 Relative summed weights:
  0.4758E+00  0.2370E+00  0.1129E+00  0.1743E+00
 Relative number of events:
  0.3287E+00  0.3340E+00  0.1653E+00  0.1720E+00
 Events:
        2630        2672        1322        1376
 Accuracy:    0.266   0.100   0.088   9.207
 Found          458  events.
 Wrote            6  events.
 Actual xsec    7.2083095385134025E-004
 Correct abs xsec    7.2083095385134025E-004
 Event xsec    7.2083095385134025E-004
 Events wgts > 1:            1
 % Cross section > 1:    7.4269232257229145E-012   1.0303280104775575E-006
 Iteration  5   Mean: 0.1714E-02 Abs mean: 0.1714E-02   Fluctuation:  0.395E-03   0.453E+01    63.3%
  5    0.1714E-02 0.1714E-02 +- 0.3952E-03     29.15
 Relative summed weights:
  0.1858E+00  0.2156E+00  0.3879E+00  0.2107E+00
 Relative number of events:
  0.3316E+00  0.3298E+00  0.1682E+00  0.1704E+00
 Events:
        5305        5277        2691        2727
 Accuracy:    0.437   0.100   0.082  28.597
 Found         1189  events.
 Wrote            8  events.
 Actual xsec    1.2362118828526498E-003
 Correct abs xsec    1.2362118828526498E-003
 Event xsec    1.2362118828526500E-003
 Events wgts > 1:            1
 % Cross section > 1:    4.7100020823635791E-012   3.8100281575476383E-007

 -------------------------------------------------------------------------------
 Accumulated results:   Integral =  0.5410E-03
                        Std dev  =  0.4426E-04
                       Cross sec =  0.5410E-03
             Chi**2 per DoF.     =     28.5971
 -------------------------------------------------------------------------------
-------------------------------------------------
---------------------------
 Results Last   3 iters: Integral =   0.1236E-02
                     Abs integral =   0.1236E-02
                          Std dev =   0.2015E-03
                  Chi**2 per DoF. =      4.6398
-------------------------------------------------
---------------------------
 Status  0.10000000000000001                6           5

ls status:
events.lhe
ftn26
input_app.txt
multijob.dat
results.dat
run1_app.log
run_01_log.txt
