 Process in group number            1
 A PDF is used, so alpha_s(MZ) is going to be modified
 Old value of alpha_s from param_card:   0.11790000000000000     
  ****************************************
 
       NNPDFDriver version 1.0.3
   Grid: NNPDF23_lo_as_0130_qed_mem0.grid
  ****************************************
 New value of alpha_s from PDF nn23lo1:  0.13000000000000000     
 Define smin to   12165.055200000001     
 Define smin to   12165.055200000001     
 *****************************************************
 *               MadGraph/MadEvent                   *
 *        --------------------------------           *
 *          http://madgraph.hep.uiuc.edu             *
 *          http://madgraph.phys.ucl.ac.be           *
 *          http://madgraph.roma2.infn.it            *
 *        --------------------------------           *
 *                                                   *
 *          PARAMETER AND COUPLING VALUES            *
 *                                                   *
 *****************************************************

  External Params
  ---------------------------------
  
 mdl_cdHRe =    0.0000000000000000     
 mdl_cdHIm =   0.26472479999999998     
 mdl_LambdaSMEFT =    1000.0000000000000     
 mdl_MW =    80.387000000000000     
 mdl_Gf =    1.1663789999999999E-005
 aS =   0.11790000000000000     
 mdl_ymb =    4.1799999999999997     
 mdl_ymt =    172.75999999999999     
 mdl_MZ =    91.187600000000003     
 mdl_MT =    172.75999999999999     
 mdl_MB =    4.1799999999999997     
 mdl_MH =    125.09000000000000     
 mdl_WZ =    2.4952000000000001     
 mdl_WW =    2.0850000000000000     
 mdl_WT =    1.3300000000000001     
 mdl_WH =    4.0699999999999998E-003
  Internal Params
  ---------------------------------
  
 mdl_dWHc =    0.0000000000000000     
 mdl_dkH =    0.0000000000000000     
 mdl_cHq3 =    0.0000000000000000     
 mdl_dWHta =    0.0000000000000000     
 mdl_dWW =    0.0000000000000000     
 mdl_cHB =    0.0000000000000000     
 mdl_dg1 =    0.0000000000000000     
 mdl_cHWB =    0.0000000000000000     
 mdl_cHl3 =    0.0000000000000000     
 mdl_cHW =    0.0000000000000000     
 mdl_cH =    0.0000000000000000     
 mdl_dGf =    0.0000000000000000     
 mdl_cHG =    0.0000000000000000     
 mdl_dgw =    0.0000000000000000     
 mdl_dMH2 =    0.0000000000000000     
 mdl_complexi =                (0.0000000000000000,1.0000000000000000)
 mdl_cdH =               (0.0000000000000000,0.26472479999999998)
 mdl_MWsm =    80.387000000000000     
 mdl_MW__exp__2 =    6462.0697689999997     
 mdl_MZ__exp__2 =    8315.1783937600012     
 mdl_sqrt__2 =    1.4142135623730951     
 mdl_nb__2__exp__0_25 =    1.1892071150027210     
 mdl_MH__exp__2 =    15647.508100000001     
 mdl_sth2 =   0.22285855299877133     
 mdl_nb__10__exp___m_40 =    9.9999999999999993E-041
 mdl_MZ1 =    91.187600000000003     
 mdl_MH1 =    125.09000000000000     
 mdl_MT1 =    172.75999999999999     
 mdl_WZ1 =    2.4952000000000001     
 mdl_WW1 =    2.0850000000000000     
 mdl_WH1 =    4.0699999999999998E-003
 mdl_WT1 =    1.3300000000000001     
 mdl_cth =   0.88155626422890820     
 mdl_MW1 =    80.387000000000000     
 mdl_sqrt__sth2 =   0.47207896902824564     
 mdl_sth =   0.47207896902824564     
 mdl_LambdaSMEFT__exp__2 =    1000000.0000000000     
 mdl_MT__exp__2 =    29846.017599999996     
 mdl_MH__exp__6 =    3831206449390.3818     
 mdl_MWsm__exp__6 =    269845343347.69711     
 mdl_MH__exp__4 =    244844509.73956564     
 mdl_MWsm__exp__4 =    41758345.699423708     
 mdl_MWsm__exp__2 =    6462.0697689999997     
 mdl_MZ__exp__4 =    69142191.720053151     
 mdl_MZ__exp__6 =    574929658687.79749     
 mdl_cth__exp__2 =   0.77714144700122867     
 mdl_sth__exp__2 =   0.22285855299877130     
 mdl_MB__exp__2 =    17.472399999999997     
 mdl_MZ__exp__3 =    758241.16129882948     
 mdl_sth__exp__4 =    4.9665934644706158E-002
 mdl_sth__exp__6 =    1.1068478328250760E-002
 mdl_sth__exp__3 =   0.10520683593878660     
 mdl_sth__exp__5 =    2.3446243222897113E-002
 mdl_cth__exp__3 =   0.68509391079585125     
 mdl_aEW =    7.5614618607353409E-003
 mdl_sqrt__Gf =    3.4152291284773265E-003
 mdl_vevhat =    246.21961912951551     
 mdl_lam =   0.12905352724481209     
 mdl_sqrt__aEW =    8.6956666568672819E-002
 mdl_ee =   0.30825335704310214     
 mdl_yb =    2.4008698866559607E-002
 mdl_yt =   0.99228297037962632     
 mdl_vevhat__exp__2 =    60624.100844283676     
 mdl_vevT =    246.21961912951551     
 mdl_g1 =   0.34966952144878632     
 mdl_gw =   0.65296989967087182     
 mdl_ee__exp__2 =    9.5020132128342205E-002
 mdl_gHaa =   -1.9312250240531351E-003
 mdl_gHza =   -6.8562264784117729E-003
 mdl_barlam =   0.12905352724481209     
 mdl_gwsh =   0.65296989967087182     
 mdl_vev =    246.21961912951551     
 mdl_dWHb =   -0.0000000000000000     
 mdl_g1sh =   0.34966952144878632     
 mdl_ee__exp__3 =    2.9290274715240611E-002
 mdl_vevhat__exp__3 =    14926843.019948866     
  Internal Params evaluated point by point
  ----------------------------------------
  
 mdl_sqrt__aS =   0.34336569426778790     
 mdl_gHgg2 =   -3.6486270703817007E-004
 mdl_gHgg4 =    1.0424648772519146E-004
 mdl_gHgg5 =    1.8764367790534461E-003
 mdl_G__exp__2 =    1.4815750954329465     
 mdl_gHgg1 =    3.1273946317557436E-003
 mdl_gHgg3 =    7.6133275785037098E-004
 mdl_G__exp__3 =                (1.8033727530176447,0.0000000000000000)
 mdl_dWH =    0.0000000000000000     
  Couplings of SMEFTsim_U35_MwScheme_UFO-massless
  ---------------------------------
  
         GC_1 =   0.00000E+00   0.10275E+00
         GC_2 =  -0.00000E+00  -0.20550E+00
         GC_3 =  -0.00000E+00  -0.30825E+00
       GC_135 =  -0.00000E+00  -0.37035E+00
       GC_195 =  -0.00000E+00  -0.55024E-01
       GC_196 =   0.00000E+00   0.11005E+00
       GC_197 =  -0.00000E+00  -0.16507E+00
       GC_223 =  -0.00000E+00  -0.31374E-04
       GC_227 =  -0.00000E+00  -0.55692E-04
       GC_284 =   0.00000E+00   0.67543E+02
       GC_503 =  -0.27245E-03   0.00000E+00
       GC_504 =   0.00000E+00   0.00000E+00

 Collider parameters:
 --------------------

 Running at P P   machine @    13000.000000000000       GeV
 PDF set = nn23lo1
 alpha_s(Mz)= 0.1300 running at 2 loops.
 alpha_s(Mz)= 0.1300 running at 2 loops.
 Renormalization scale set on event-by-event basis
 Factorization   scale set on event-by-event basis


 getting user params
Enter number of events and max and min iterations: 
 Number of events and iterations         1000           5           3
Enter desired fractional accuracy: 
 Desired fractional accuracy:   0.10000000000000001     
Enter 0 for fixed, 2 for adjustable grid: 
Suppress amplitude (0 no, 1 yes)? 
 Using suppressed amplitude.
Exact helicity sum (0 yes, n = number/event)? 
 Explicitly summing over helicities
Enter Configuration Number: 
Running Configuration Number:    4
 Using dconfig=          25
 BW Setting            1           2           2           0
 Attempting mappinvarients           1           6
 Determine nb_t
 T-channel found:            0
 Completed mapping           6
 about to integrate           10        1000           5           3          10           1
 Using non-zero grid deformation.
 10 dimensions   1000 events 10 invarients  5 iterations  1 config(s),  (0.99)
 Using h-tuple random number sequence.
 Error opening grid
 Using Uniform Grid!          24
 Using uniform alpha   1.0000000000000000     
 Grid defined OK
 Masses: 0.000E+00 0.000E+00 0.418E+01 0.418E+01 0.000E+00 0.000E+00
 Set CM energy to      13000.00
 Mapping Graph           4  to config           4
 Determine nb_t
 T-channel found:            0
 Setting BW          -1           1   91.187600000000003     
Setting grid   2    0.71598E-04   1
 Transforming s_hat 1/s            9   2.1072229570745567E-004   12165.055200000001        168999999.99999997     
Using random seed offsets     4 :      1
  with seed                   30
 Ranmar initialization seeds        8295        9405
 
 ********************************************
 * You are using the DiscreteSampler module *
 *      part of the MG5_aMC framework       *
 *         Author: Valentin Hirschi         *
 ********************************************
 
  Particle       3       4       5       6
      Et >     0.0     0.0    10.0    10.0
       E >     0.0     0.0     0.0     0.0
     Eta <    -1.0    -1.0     2.5     2.5
   xqcut:      0.0     0.0     0.0     0.0
d R # 3  >    -0.0     0.0     0.0     0.0
d R # 4  >    -0.0    -0.0     0.0     0.0
d R # 5  >    -0.0    -0.0    -0.0     0.4
s min # 3>     0.0 12100.0    17.5     0.0
s min # 4>     0.0     0.0    17.5     0.0
s min # 5>     0.0     0.0     0.0     0.0
xqcutij # 3>     0.0     0.0     0.0     0.0
xqcutij # 4>     0.0     0.0     0.0     0.0
xqcutij # 5>     0.0     0.0     0.0     0.0
 Requiring BW           -1           1
 Excluding BW           -2           2
 Excluding BW           -3           3
 alpha_s for scale    153.82984393523810       is   0.11958443274901213     
 RESET CUMULATIVE VARIABLE
 Iteration  1   Mean: 0.1385E-06 Abs mean: 0.1385E-06   Fluctuation:  0.110E-06   0.109E-03    24.7%
  1    0.1385E-06 0.1385E-06 +- 0.1101E-06     25.15
 Writing out events   1.1228890334530727E-010   25.149649721136452     
 Relative summed weights:
  0.7896E+00  0.1771E+00  0.2465E-01  0.8617E-02
 Relative number of events:
  0.2517E+00  0.2309E+00  0.2646E+00  0.2527E+00
 Events:
         254         233         267         255
 Iteration  2   Mean: 0.1307E-07 Abs mean: 0.1307E-07   Fluctuation:  0.531E-08   0.987E-05    68.0%
  2    0.1307E-07 0.1307E-07 +- 0.5306E-08     18.16
 Relative summed weights:
  0.1256E+00  0.3124E+00  0.4958E+00  0.6618E-01
 Relative number of events:
  0.2365E+00  0.2540E+00  0.2610E+00  0.2485E+00
 Events:
         473         508         522         497
 Iteration  3   Mean: 0.3859E-07 Abs mean: 0.3859E-07   Fluctuation:  0.157E-07   0.586E-04    70.7%
  3    0.3859E-07 0.3859E-07 +- 0.1568E-07     25.69
 Relative summed weights:
  0.9486E-01  0.2723E+00  0.8131E-01  0.5516E+00
 Relative number of events:
  0.2255E+00  0.2450E+00  0.2645E+00  0.2650E+00
 Events:
         902         980        1058        1060
 Accuracy:    0.691   0.100   0.270   6.545
 Found          223  events.
 Wrote            4  events.
 Actual xsec    3.8813464225695973E-008
 Correct abs xsec    3.8813464225695973E-008
 Event xsec    3.8813464225695973E-008
 Events wgts > 1:            0
 % Cross section > 1:    0.0000000000000000        0.0000000000000000     
 Iteration  4   Mean: 0.5122E-07 Abs mean: 0.5122E-07   Fluctuation:  0.702E-08   0.400E-04    71.0%
  4    0.5122E-07 0.5122E-07 +- 0.7024E-08     12.27
 Relative summed weights:
  0.2168E+00  0.2787E+00  0.1926E+00  0.3119E+00
 Relative number of events:
  0.2459E+00  0.2304E+00  0.2569E+00  0.2669E+00
 Events:
        1967        1843        2055        2135
 Accuracy:    0.212   0.100   0.122   3.010
 Found          637  events.
 Wrote           12  events.
 Actual xsec    4.6503921161029257E-008
 Correct abs xsec    4.6503921161029257E-008
 Event xsec    4.6503921161029277E-008
 Events wgts > 1:            1
 % Cross section > 1:    6.3908238906360996E-016   1.3742548436951313E-006
 Iteration  5   Mean: 0.4627E-07 Abs mean: 0.4627E-07   Fluctuation:  0.117E-08   0.455E-05    68.6%
  5    0.4627E-07 0.4627E-07 +- 0.1169E-08      3.19
 Relative summed weights:
  0.2456E+00  0.2440E+00  0.2437E+00  0.2667E+00
 Relative number of events:
  0.2468E+00  0.2405E+00  0.2562E+00  0.2565E+00
 Events:
        3949        3848        4099        4104
 Accuracy:    0.039   0.100   0.025   2.531
 Finished due to accuracy    3.9348147306673326E-002  0.10000000000000001     

 -------------------------------------------------------------------------------
 Accumulated results:   Integral =  0.4637E-07
                        Std dev  =  0.1147E-08
                       Cross sec =  0.4637E-07
             Chi**2 per DoF.     =      2.5308
 -------------------------------------------------------------------------------
 Found         1714  events.
 Wrote          250  events.
 Actual xsec    4.6404972531702376E-008
 Correct abs xsec    4.6404972531702376E-008
 Event xsec    4.6404972531702045E-008
 Events wgts > 1:            5
 % Cross section > 1:    3.0506123783810435E-010  0.65738911412930701     
-------------------------------------------------
---------------------------
 Results Last   3 iters: Integral =   0.4640E-07
                     Abs integral =   0.4640E-07
                          Std dev =   0.1150E-08
                  Chi**2 per DoF. =      0.3658
-------------------------------------------------
---------------------------
 Status  0.10000000000000001                6           5

ls status:
events.lhe
ftn26
input_app.txt
results.dat
run1_app.log
run_01_log.txt
