 Process in group number            1
 A PDF is used, so alpha_s(MZ) is going to be modified
 Old value of alpha_s from param_card:   0.11799999999999999     
  ****************************************
 
       NNPDFDriver version 1.0.3
   Grid: NNPDF23_lo_as_0130_qed_mem0.grid
  ****************************************
 New value of alpha_s from PDF nn23lo1:  0.13000000000000000     
 Define smin to   12155.820000000000     
 Define smin to   12155.820000000000     
 *****************************************************
 *               MadGraph/MadEvent                   *
 *        --------------------------------           *
 *          http://madgraph.hep.uiuc.edu             *
 *          http://madgraph.phys.ucl.ac.be           *
 *          http://madgraph.roma2.infn.it            *
 *        --------------------------------           *
 *                                                   *
 *          PARAMETER AND COUPLING VALUES            *
 *                                                   *
 *****************************************************

  External Params
  ---------------------------------
  
 aEWM1 =    132.50700000000001     
 mdl_Gf =    1.1663900000000000E-005
 aS =   0.11799999999999999     
 mdl_ymb =    4.7000000000000002     
 mdl_ymt =    173.00000000000000     
 mdl_ymtau =    1.7769999999999999     
 mdl_MZ =    91.188000000000002     
 mdl_MT =    173.00000000000000     
 mdl_MB =    4.7000000000000002     
 mdl_MH =    125.00000000000000     
 mdl_MTA =    1.7769999999999999     
 mdl_WZ =    2.4414039999999999     
 mdl_WW =    2.0476000000000001     
 mdl_WT =    1.4915000000000000     
 mdl_WH =    6.3823389999999999E-003
  Internal Params
  ---------------------------------
  
 mdl_conjg__CKM1x1 =    1.0000000000000000     
 mdl_CKM3x3 =    1.0000000000000000     
 mdl_conjg__CKM3x3 =    1.0000000000000000     
 mdl_complexi =                (0.0000000000000000,1.0000000000000000)
 mdl_MZ__exp__2 =    8315.2513440000002     
 mdl_MZ__exp__4 =    69143404.913893804     
 mdl_sqrt__2 =    1.4142135623730951     
 mdl_MH__exp__2 =    15625.000000000000     
 mdl_aEW =    7.5467711139788835E-003
 mdl_MW =    80.419002445756163     
 mdl_sqrt__aEW =    8.6872153846781555E-002
 mdl_ee =   0.30795376724436879     
 mdl_MW__exp__2 =    6467.2159543705357     
 mdl_sw2 =   0.22224648578577766     
 mdl_cw =   0.88190334743339216     
 mdl_sqrt__sw2 =   0.47143025548407230     
 mdl_sw =   0.47143025548407230     
 mdl_g1 =   0.34919219678733299     
 mdl_gw =   0.65323293034757990     
 mdl_vev =    246.21845810181637     
 mdl_vev__exp__2 =    60623.529110035903     
 mdl_lam =   0.12886910601690263     
 mdl_yb =    2.6995554250465490E-002
 mdl_yt =   0.99366614581500623     
 mdl_ytau =    1.0206617000654717E-002
 mdl_muH =    88.388347648318430     
 mdl_I1x33 =          (2.69955542504654901E-002,0.0000000000000000)
 mdl_I2x33 =               (0.99366614581500623,0.0000000000000000)
 mdl_I3x33 =               (0.99366614581500623,0.0000000000000000)
 mdl_I4x33 =          (2.69955542504654901E-002,0.0000000000000000)
 mdl_ee__exp__2 =    9.4835522759998875E-002
 mdl_sw__exp__2 =   0.22224648578577769     
 mdl_cw__exp__2 =   0.77775351421422245     
  Internal Params evaluated point by point
  ----------------------------------------
  
 mdl_sqrt__aS =   0.34351128074635334     
 mdl_G__exp__2 =    1.4828317324943823     
  Couplings of sm
  ---------------------------------
  
         GC_1 =  -0.00000E+00  -0.10265E+00
         GC_2 =   0.00000E+00   0.20530E+00
         GC_3 =  -0.00000E+00  -0.30795E+00
        GC_50 =  -0.00000E+00  -0.28804E+00
        GC_58 =  -0.00000E+00  -0.27437E-01
        GC_59 =   0.00000E+00   0.82310E-01
        GC_81 =   0.00000E+00   0.67544E+02
        GC_83 =  -0.00000E+00  -0.19089E-01

 Collider parameters:
 --------------------

 Running at P P   machine @    13000.000000000000       GeV
 PDF set = nn23lo1
 alpha_s(Mz)= 0.1300 running at 2 loops.
 alpha_s(Mz)= 0.1300 running at 2 loops.
 Renormalization scale set on event-by-event basis
 Factorization   scale set on event-by-event basis


 getting user params
Enter number of events and max and min iterations: 
 Number of events and iterations         1000           5           3
Enter desired fractional accuracy: 
 Desired fractional accuracy:   0.10000000000000001     
Enter 0 for fixed, 2 for adjustable grid: 
Suppress amplitude (0 no, 1 yes)? 
 Using suppressed amplitude.
Exact helicity sum (0 yes, n = number/event)? 
 Explicitly summing over helicities
Enter Configuration Number: 
Running Configuration Number:   12
 Not subdividing B.W.
 Attempting mappinvarients           1           6
 Determine nb_t
 T-channel found:            0
 Completed mapping           6
 about to integrate           10        1000           5           3          10           1
 Using non-zero grid deformation.
 10 dimensions   1000 events 10 invarients  5 iterations  1 config(s),  (0.99)
 Using h-tuple random number sequence.
 Error opening grid
 Using Uniform Grid!          24
 Using uniform alpha   1.0000000000000000     
 Grid defined OK
 Masses: 0.000E+00 0.000E+00 0.470E+01 0.470E+01 0.000E+00 0.000E+00
 Set CM energy to      13000.00
 Mapping Graph          12  to config          12
 Determine nb_t
 T-channel found:            0
 Setting BW          -1           1   91.188000000000002     
Setting grid   2    0.40545E-06   1
 Transforming s_hat 1/s            9   7.1927928994082850E-005   12155.820000000000        168999999.99999997     
 Got moffset           1
Using random seed offsets    12 :      1
  with seed                   33
 Ranmar initialization seeds       11960       12565
 
 ********************************************
 * You are using the DiscreteSampler module *
 *      part of the MG5_aMC framework       *
 *         Author: Valentin Hirschi         *
 ********************************************
 
  Particle       3       4       5       6
      Et >     0.0     0.0    10.0    10.0
       E >     0.0     0.0     0.0     0.0
     Eta <    -1.0    -1.0     2.5     2.5
   xqcut:      0.0     0.0     0.0     0.0
d R # 3  >    -0.0     0.0     0.0     0.0
d R # 4  >    -0.0    -0.0     0.0     0.0
d R # 5  >    -0.0    -0.0    -0.0     0.4
s min # 3>     0.0 12100.0    22.1     0.0
s min # 4>     0.0     0.0    22.1     0.0
s min # 5>     0.0     0.0     0.0     0.0
xqcutij # 3>     0.0     0.0     0.0     0.0
xqcutij # 4>     0.0     0.0     0.0     0.0
xqcutij # 5>     0.0     0.0     0.0     0.0
 No cut BW           -1           1
 alpha_s for scale    143.39742087206159       is   0.12088292098857288     
 RESET CUMULATIVE VARIABLE
 Iteration  1   Mean: 0.8313E-05 Abs mean: 0.8313E-05   Fluctuation:  0.188E-05   0.119E-02     7.7%
  1    0.8313E-05 0.8313E-05 +- 0.1885E-05      7.17
 Writing out events   2.1520584003533981E-008   7.1695606821157023     
 Relative summed weights:
  0.6130E-01  0.1779E+00  0.8781E-01  0.2261E+00
  0.4113E-01  0.1193E+00  0.4012E-01  0.2462E+00
 Relative number of events:
  0.6343E-01  0.5946E-01  0.9019E-01  0.9911E-01
  0.2141E+00  0.2002E+00  0.1397E+00  0.1338E+00
 Events:
          64          60          91         100
         216         202         141         135
 Iteration  2   Mean: 0.7103E-05 Abs mean: 0.7103E-05   Fluctuation:  0.106E-05   0.129E-02    19.8%
  2    0.7103E-05 0.7103E-05 +- 0.1056E-05      6.65
 Relative summed weights:
  0.2128E+00  0.2663E+00  0.6218E-01  0.9029E-01
  0.1280E+00  0.8721E-01  0.7638E-01  0.7690E-01
 Relative number of events:
  0.6250E-01  0.7350E-01  0.8700E-01  0.8550E-01
  0.2060E+00  0.2305E+00  0.1330E+00  0.1220E+00
 Events:
         125         147         174         171
         412         461         266         244
 Iteration  3   Mean: 0.6898E-05 Abs mean: 0.6898E-05   Fluctuation:  0.662E-06   0.161E-02    31.1%
  3    0.6898E-05 0.6898E-05 +- 0.6624E-06      6.07
 Relative summed weights:
  0.9741E-01  0.2493E+00  0.9200E-01  0.8117E-01
  0.1052E+00  0.1971E+00  0.9403E-01  0.8390E-01
 Relative number of events:
  0.6000E-01  0.7000E-01  0.8000E-01  0.9025E-01
  0.2188E+00  0.2255E+00  0.1265E+00  0.1290E+00
 Events:
         240         280         320         361
         875         902         506         516
 Accuracy:    0.043   0.100   0.076   0.327
 Finished due to accuracy    4.3443756652437292E-002  0.10000000000000001     

 -------------------------------------------------------------------------------
 Accumulated results:   Integral =  0.7111E-05
                        Std dev  =  0.5404E-06
                       Cross sec =  0.7111E-05
             Chi**2 per DoF.     =      0.3267
 -------------------------------------------------------------------------------
 Found          581  events.
 Wrote           21  events.
 Actual xsec    7.1105257454462666E-006
 Correct abs xsec    7.1105257454462666E-006
 Event xsec    7.1105257454462640E-006
 Events wgts > 1:            1
 % Cross section > 1:    1.8743238829255434E-008  0.26359849468598034     
-------------------------------------------------
---------------------------
 Results Last   3 iters: Integral =   0.7111E-05
                     Abs integral =   0.7111E-05
                          Std dev =   0.5404E-06
                  Chi**2 per DoF. =      0.2551
-------------------------------------------------
---------------------------
 Status  0.10000000000000001                4           5

ls status:
events.lhe
ftn26
input_app.txt
input_sg.txt
moffset.dat
results.dat
run1_app.log
