 Process in group number            1
 A PDF is used, so alpha_s(MZ) is going to be modified
 Old value of alpha_s from param_card:   0.11799999999999999     
  ****************************************
 
       NNPDFDriver version 1.0.3
   Grid: NNPDF23_lo_as_0130_qed_mem0.grid
  ****************************************
 New value of alpha_s from PDF nn23lo1:  0.13000000000000000     
 Define smin to   12155.820000000000     
 Define smin to   12155.820000000000     
 *****************************************************
 *               MadGraph/MadEvent                   *
 *        --------------------------------           *
 *          http://madgraph.hep.uiuc.edu             *
 *          http://madgraph.phys.ucl.ac.be           *
 *          http://madgraph.roma2.infn.it            *
 *        --------------------------------           *
 *                                                   *
 *          PARAMETER AND COUPLING VALUES            *
 *                                                   *
 *****************************************************

  External Params
  ---------------------------------
  
 aEWM1 =    132.50700000000001     
 mdl_Gf =    1.1663900000000000E-005
 aS =   0.11799999999999999     
 mdl_ymb =    4.7000000000000002     
 mdl_ymt =    173.00000000000000     
 mdl_ymtau =    1.7769999999999999     
 mdl_MZ =    91.188000000000002     
 mdl_MT =    173.00000000000000     
 mdl_MB =    4.7000000000000002     
 mdl_MH =    125.00000000000000     
 mdl_MTA =    1.7769999999999999     
 mdl_WZ =    2.4414039999999999     
 mdl_WW =    2.0476000000000001     
 mdl_WT =    1.4915000000000000     
 mdl_WH =    6.3823389999999999E-003
  Internal Params
  ---------------------------------
  
 mdl_conjg__CKM1x1 =    1.0000000000000000     
 mdl_CKM3x3 =    1.0000000000000000     
 mdl_conjg__CKM3x3 =    1.0000000000000000     
 mdl_complexi =                (0.0000000000000000,1.0000000000000000)
 mdl_MZ__exp__2 =    8315.2513440000002     
 mdl_MZ__exp__4 =    69143404.913893804     
 mdl_sqrt__2 =    1.4142135623730951     
 mdl_MH__exp__2 =    15625.000000000000     
 mdl_aEW =    7.5467711139788835E-003
 mdl_MW =    80.419002445756163     
 mdl_sqrt__aEW =    8.6872153846781555E-002
 mdl_ee =   0.30795376724436879     
 mdl_MW__exp__2 =    6467.2159543705357     
 mdl_sw2 =   0.22224648578577766     
 mdl_cw =   0.88190334743339216     
 mdl_sqrt__sw2 =   0.47143025548407230     
 mdl_sw =   0.47143025548407230     
 mdl_g1 =   0.34919219678733299     
 mdl_gw =   0.65323293034757990     
 mdl_vev =    246.21845810181637     
 mdl_vev__exp__2 =    60623.529110035903     
 mdl_lam =   0.12886910601690263     
 mdl_yb =    2.6995554250465490E-002
 mdl_yt =   0.99366614581500623     
 mdl_ytau =    1.0206617000654717E-002
 mdl_muH =    88.388347648318430     
 mdl_I1x33 =          (2.69955542504654901E-002,0.0000000000000000)
 mdl_I2x33 =               (0.99366614581500623,0.0000000000000000)
 mdl_I3x33 =               (0.99366614581500623,0.0000000000000000)
 mdl_I4x33 =          (2.69955542504654901E-002,0.0000000000000000)
 mdl_ee__exp__2 =    9.4835522759998875E-002
 mdl_sw__exp__2 =   0.22224648578577769     
 mdl_cw__exp__2 =   0.77775351421422245     
  Internal Params evaluated point by point
  ----------------------------------------
  
 mdl_sqrt__aS =   0.34351128074635334     
 mdl_G__exp__2 =    1.4828317324943823     
  Couplings of sm
  ---------------------------------
  
         GC_1 =  -0.00000E+00  -0.10265E+00
         GC_2 =   0.00000E+00   0.20530E+00
         GC_3 =  -0.00000E+00  -0.30795E+00
        GC_50 =  -0.00000E+00  -0.28804E+00
        GC_58 =  -0.00000E+00  -0.27437E-01
        GC_59 =   0.00000E+00   0.82310E-01
        GC_81 =   0.00000E+00   0.67544E+02
        GC_83 =  -0.00000E+00  -0.19089E-01

 Collider parameters:
 --------------------

 Running at P P   machine @    13000.000000000000       GeV
 PDF set = nn23lo1
 alpha_s(Mz)= 0.1300 running at 2 loops.
 alpha_s(Mz)= 0.1300 running at 2 loops.
 Renormalization scale set on event-by-event basis
 Factorization   scale set on event-by-event basis


 getting user params
Enter number of events and max and min iterations: 
 Number of events and iterations         1000           5           3
Enter desired fractional accuracy: 
 Desired fractional accuracy:   0.10000000000000001     
Enter 0 for fixed, 2 for adjustable grid: 
Suppress amplitude (0 no, 1 yes)? 
 Using suppressed amplitude.
Exact helicity sum (0 yes, n = number/event)? 
 Explicitly summing over helicities
Enter Configuration Number: 
Running Configuration Number:   14
 Not subdividing B.W.
 Attempting mappinvarients           1           6
 Determine nb_t
 T-channel found:            0
 Completed mapping           6
 about to integrate           10        1000           5           3          10           1
 Using non-zero grid deformation.
 10 dimensions   1000 events 10 invarients  5 iterations  1 config(s),  (0.99)
 Using h-tuple random number sequence.
 Error opening grid
 Using Uniform Grid!          24
 Using uniform alpha   1.0000000000000000     
 Grid defined OK
 Masses: 0.000E+00 0.000E+00 0.470E+01 0.470E+01 0.000E+00 0.000E+00
 Set CM energy to      13000.00
 Mapping Graph          14  to config          14
 Determine nb_t
 T-channel found:            0
Setting grid   1    0.75740E-07   1
Setting grid   2    0.40545E-06   1
 Setting PDF BW           9           1   91.188000000000002     
 Transforming s_hat 1/s            9   5.1145562130177517E-006   12155.820000000000        168999999.99999997     
 Got moffset           1
Using random seed offsets    14 :      1
  with seed                   33
 Ranmar initialization seeds       11962       12565
 
 ********************************************
 * You are using the DiscreteSampler module *
 *      part of the MG5_aMC framework       *
 *         Author: Valentin Hirschi         *
 ********************************************
 
  Particle       3       4       5       6
      Et >     0.0     0.0    10.0    10.0
       E >     0.0     0.0     0.0     0.0
     Eta <    -1.0    -1.0     2.5     2.5
   xqcut:      0.0     0.0     0.0     0.0
d R # 3  >    -0.0     0.0     0.0     0.0
d R # 4  >    -0.0    -0.0     0.0     0.0
d R # 5  >    -0.0    -0.0    -0.0     0.4
s min # 3>     0.0 12100.0    22.1     0.0
s min # 4>     0.0     0.0    22.1     0.0
s min # 5>     0.0     0.0     0.0     0.0
xqcutij # 3>     0.0     0.0     0.0     0.0
xqcutij # 4>     0.0     0.0     0.0     0.0
xqcutij # 5>     0.0     0.0     0.0     0.0
 No cut BW           -3           1
 alpha_s for scale    115.10598572183522       is   0.12513961849204469     
 RESET CUMULATIVE VARIABLE
 Iteration  1   Mean: 0.7565E-05 Abs mean: 0.7565E-05   Fluctuation:  0.133E-05   0.746E-03     5.7%
  1    0.7565E-05 0.7565E-05 +- 0.1330E-05      5.56
 Writing out events   2.6628183804415527E-008   5.5608460227818908     
 Relative summed weights:
  0.2634E+00  0.1647E+00  0.4525E-01  0.3150E-01
  0.2268E+00  0.1856E+00  0.6479E-01  0.1785E-01
 Relative number of events:
  0.7929E-01  0.8226E-01  0.4262E-01  0.3370E-01
  0.3261E+00  0.3310E+00  0.4856E-01  0.5649E-01
 Events:
          80          83          43          34
         329         334          49          57
 Iteration  2   Mean: 0.7156E-05 Abs mean: 0.7241E-05   Fluctuation:  0.688E-06   0.555E-03     7.7%
  2    0.7156E-05 0.7241E-05 +- 0.6883E-06      4.25
 Relative summed weights:
  0.2405E+00  0.1283E+00  0.4168E-01  0.8841E-01
  0.1566E+00  0.2432E+00  0.6802E-01  0.3329E-01
 Relative number of events:
  0.7204E-01  0.7354E-01  0.3902E-01  0.4052E-01
  0.3572E+00  0.3152E+00  0.5703E-01  0.4552E-01
 Events:
         144         147          78          81
         714         630         114          91
 Iteration  3   Mean: 0.1438E-04 Abs mean: 0.1438E-04   Fluctuation:  0.317E-05   0.103E-01     7.3%
  3    0.1438E-04 0.1438E-04 +- 0.3173E-05     13.96
 Relative summed weights:
  0.1363E+00  0.1542E+00  0.3158E-01  0.1488E+00
  0.1165E+00  0.9812E-01  0.9080E-01  0.2237E+00
 Relative number of events:
  0.7057E-01  0.7833E-01  0.3378E-01  0.4004E-01
  0.3386E+00  0.3441E+00  0.4855E-01  0.4605E-01
 Events:
         282         313         135         160
        1353        1375         194         184
 Accuracy:    0.202   0.100   0.078   6.680
 Found         1461  events.
 Wrote            4  events.
 Actual xsec    8.1432272888391472E-006
 Correct abs xsec    8.2008029644499080E-006
 Event xsec    8.2008029644499080E-006
 Events wgts > 1:            0
 % Cross section > 1:    0.0000000000000000        0.0000000000000000     
 Iteration  4   Mean: 0.1057E-04 Abs mean: 0.1057E-04   Fluctuation:  0.116E-05   0.750E-02     8.1%
  4    0.1057E-04 0.1057E-04 +- 0.1162E-05      9.83
 Relative summed weights:
  0.1381E+00  0.1611E+00  0.6288E-01  0.4854E-01
  0.1948E+00  0.1567E+00  0.8018E-01  0.1577E+00
 Relative number of events:
  0.7572E-01  0.7635E-01  0.3592E-01  0.3367E-01
  0.3428E+00  0.3408E+00  0.4906E-01  0.4568E-01
 Events:
         605         610         287         269
        2739        2723         392         365
 Accuracy:    0.142   0.100   0.064   4.972
 Found         2102  events.
 Wrote            9  events.
 Actual xsec    9.1703012365633853E-006
 Correct abs xsec    9.2144898853493834E-006
 Event xsec    9.2144898853493834E-006
 Events wgts > 1:            0
 % Cross section > 1:    0.0000000000000000        0.0000000000000000     
 Iteration  5   Mean: 0.1156E-04 Abs mean: 0.1156E-04   Fluctuation:  0.855E-06   0.980E-02     7.4%
  5    0.1156E-04 0.1156E-04 +- 0.8554E-06      9.36
 Relative summed weights:
  0.2002E+00  0.1600E+00  0.8603E-01  0.5981E-01
  0.1794E+00  0.1775E+00  0.7592E-01  0.6113E-01
 Relative number of events:
  0.7553E-01  0.7928E-01  0.3576E-01  0.3464E-01
  0.3464E+00  0.3378E+00  0.4320E-01  0.4746E-01
 Events:
        1208        1268         572         554
        5540        5402         691         759
 Accuracy:    0.104   0.100   0.048   4.661
 Found         5384  events.
 Wrote           16  events.
 Actual xsec    1.1478607341518253E-005
 Correct abs xsec    1.1478866517108617E-005
 Event xsec    1.1478866517108622E-005
 Events wgts > 1:            1
 % Cross section > 1:    2.1104556393818341E-013   1.8385575232853483E-006

 -------------------------------------------------------------------------------
 Accumulated results:   Integral =  0.1009E-04
                        Std dev  =  0.4871E-06
                       Cross sec =  0.1007E-04
             Chi**2 per DoF.     =      4.6610
 -------------------------------------------------------------------------------
-------------------------------------------------
---------------------------
 Results Last   3 iters: Integral =   0.1148E-04
                     Abs integral =   0.1148E-04
                          Std dev =   0.6787E-06
                  Chi**2 per DoF. =      0.7263
-------------------------------------------------
---------------------------
 Status  0.10000000000000001                6           5

ls status:
events.lhe
ftn26
input_app.txt
input_sg.txt
moffset.dat
results.dat
run1_app.log
