 Process in group number            1
 A PDF is used, so alpha_s(MZ) is going to be modified
 Old value of alpha_s from param_card:   0.11799999999999999     
  ****************************************
 
       NNPDFDriver version 1.0.3
   Grid: NNPDF23_lo_as_0130_qed_mem0.grid
  ****************************************
 New value of alpha_s from PDF nn23lo1:  0.13000000000000000     
 Define smin to   12155.820000000000     
 Define smin to   12155.820000000000     
 *****************************************************
 *               MadGraph/MadEvent                   *
 *        --------------------------------           *
 *          http://madgraph.hep.uiuc.edu             *
 *          http://madgraph.phys.ucl.ac.be           *
 *          http://madgraph.roma2.infn.it            *
 *        --------------------------------           *
 *                                                   *
 *          PARAMETER AND COUPLING VALUES            *
 *                                                   *
 *****************************************************

  External Params
  ---------------------------------
  
 aEWM1 =    132.50700000000001     
 mdl_Gf =    1.1663900000000000E-005
 aS =   0.11799999999999999     
 mdl_ymb =    4.7000000000000002     
 mdl_ymt =    173.00000000000000     
 mdl_ymtau =    1.7769999999999999     
 mdl_MZ =    91.188000000000002     
 mdl_MT =    173.00000000000000     
 mdl_MB =    4.7000000000000002     
 mdl_MH =    125.00000000000000     
 mdl_MTA =    1.7769999999999999     
 mdl_WZ =    2.4414039999999999     
 mdl_WW =    2.0476000000000001     
 mdl_WT =    1.4915000000000000     
 mdl_WH =    6.3823389999999999E-003
  Internal Params
  ---------------------------------
  
 mdl_conjg__CKM1x1 =    1.0000000000000000     
 mdl_CKM3x3 =    1.0000000000000000     
 mdl_conjg__CKM3x3 =    1.0000000000000000     
 mdl_complexi =                (0.0000000000000000,1.0000000000000000)
 mdl_MZ__exp__2 =    8315.2513440000002     
 mdl_MZ__exp__4 =    69143404.913893804     
 mdl_sqrt__2 =    1.4142135623730951     
 mdl_MH__exp__2 =    15625.000000000000     
 mdl_aEW =    7.5467711139788835E-003
 mdl_MW =    80.419002445756163     
 mdl_sqrt__aEW =    8.6872153846781555E-002
 mdl_ee =   0.30795376724436879     
 mdl_MW__exp__2 =    6467.2159543705357     
 mdl_sw2 =   0.22224648578577766     
 mdl_cw =   0.88190334743339216     
 mdl_sqrt__sw2 =   0.47143025548407230     
 mdl_sw =   0.47143025548407230     
 mdl_g1 =   0.34919219678733299     
 mdl_gw =   0.65323293034757990     
 mdl_vev =    246.21845810181637     
 mdl_vev__exp__2 =    60623.529110035903     
 mdl_lam =   0.12886910601690263     
 mdl_yb =    2.6995554250465490E-002
 mdl_yt =   0.99366614581500623     
 mdl_ytau =    1.0206617000654717E-002
 mdl_muH =    88.388347648318430     
 mdl_I1x33 =          (2.69955542504654901E-002,0.0000000000000000)
 mdl_I2x33 =               (0.99366614581500623,0.0000000000000000)
 mdl_I3x33 =               (0.99366614581500623,0.0000000000000000)
 mdl_I4x33 =          (2.69955542504654901E-002,0.0000000000000000)
 mdl_ee__exp__2 =    9.4835522759998875E-002
 mdl_sw__exp__2 =   0.22224648578577769     
 mdl_cw__exp__2 =   0.77775351421422245     
  Internal Params evaluated point by point
  ----------------------------------------
  
 mdl_sqrt__aS =   0.34351128074635334     
 mdl_G__exp__2 =    1.4828317324943823     
  Couplings of sm
  ---------------------------------
  
         GC_1 =  -0.00000E+00  -0.10265E+00
         GC_2 =   0.00000E+00   0.20530E+00
         GC_3 =  -0.00000E+00  -0.30795E+00
        GC_50 =  -0.00000E+00  -0.28804E+00
        GC_58 =  -0.00000E+00  -0.27437E-01
        GC_59 =   0.00000E+00   0.82310E-01
        GC_81 =   0.00000E+00   0.67544E+02
        GC_83 =  -0.00000E+00  -0.19089E-01

 Collider parameters:
 --------------------

 Running at P P   machine @    13000.000000000000       GeV
 PDF set = nn23lo1
 alpha_s(Mz)= 0.1300 running at 2 loops.
 alpha_s(Mz)= 0.1300 running at 2 loops.
 Renormalization scale set on event-by-event basis
 Factorization   scale set on event-by-event basis


 getting user params
Enter number of events and max and min iterations: 
 Number of events and iterations         1000           5           3
Enter desired fractional accuracy: 
 Desired fractional accuracy:   0.10000000000000001     
Enter 0 for fixed, 2 for adjustable grid: 
Suppress amplitude (0 no, 1 yes)? 
 Using suppressed amplitude.
Exact helicity sum (0 yes, n = number/event)? 
 Explicitly summing over helicities
Enter Configuration Number: 
Running Configuration Number:   19
 Not subdividing B.W.
 Attempting mappinvarients           1           6
 Determine nb_t
 T-channel found:            1
 Completed mapping           6
 about to integrate           10        1000           5           3          10           1
 Using non-zero grid deformation.
 10 dimensions   1000 events 10 invarients  5 iterations  1 config(s),  (0.99)
 Using h-tuple random number sequence.
 Error opening grid
 Using Uniform Grid!          24
 Using uniform alpha   1.0000000000000000     
 Grid defined OK
 Masses: 0.000E+00 0.000E+00 0.470E+01 0.470E+01 0.000E+00 0.000E+00
 Set CM energy to      13000.00
 Mapping Graph          19  to config          19
 Determine nb_t
 T-channel found:            1
Setting grid   1    0.75740E-07   1
Setting grid   2    0.71598E-04   1
Setting grid   3    0.23669E-05   1
 Transforming s_hat 1/s            9   1.0000000000000002E-004   12155.820000000000        168999999.99999997     
 Got moffset           1
Using random seed offsets    19 :      1
  with seed                   33
 Ranmar initialization seeds       11967       12565
 
 ********************************************
 * You are using the DiscreteSampler module *
 *      part of the MG5_aMC framework       *
 *         Author: Valentin Hirschi         *
 ********************************************
 
  Particle       3       4       5       6
      Et >     0.0     0.0    10.0    10.0
       E >     0.0     0.0     0.0     0.0
     Eta <    -1.0    -1.0     2.5     2.5
   xqcut:      0.0     0.0     0.0     0.0
d R # 3  >    -0.0     0.0     0.0     0.0
d R # 4  >    -0.0    -0.0     0.0     0.0
d R # 5  >    -0.0    -0.0    -0.0     0.4
s min # 3>     0.0 12100.0    22.1     0.0
s min # 4>     0.0     0.0    22.1     0.0
s min # 5>     0.0     0.0     0.0     0.0
xqcutij # 3>     0.0     0.0     0.0     0.0
xqcutij # 4>     0.0     0.0     0.0     0.0
xqcutij # 5>     0.0     0.0     0.0     0.0
 alpha_s for scale    150.94942499737391       is   0.11993111720111951     
 RESET CUMULATIVE VARIABLE
 Iteration  1   Mean: 0.1432E-03 Abs mean: 0.1432E-03   Fluctuation:  0.433E-04   0.366E-01     8.1%
  1    0.1432E-03 0.1432E-03 +- 0.4328E-04      9.56
 Writing out events   3.5310569410277762E-007   9.5576723614320773     
 Relative summed weights:
  0.4246E+00  0.1166E+00  0.4126E+00  0.4611E-01
 Relative number of events:
  0.3605E+00  0.3635E+00  0.1430E+00  0.1331E+00
 Events:
         363         366         144         134
 Iteration  2   Mean: 0.6013E-03 Abs mean: 0.6013E-03   Fluctuation:  0.308E-03   0.604E+00    26.0%
  2    0.6013E-03 0.6013E-03 +- 0.3083E-03     22.93
 Relative summed weights:
  0.1463E+00  0.5899E+00  0.1478E+00  0.1159E+00
 Relative number of events:
  0.3755E+00  0.3680E+00  0.1350E+00  0.1215E+00
 Events:
         751         736         270         243
 Iteration  3   Mean: 0.3102E-03 Abs mean: 0.3102E-03   Fluctuation:  0.688E-04   0.233E+00    39.5%
  3    0.3102E-03 0.3102E-03 +- 0.6880E-04     14.03
 Relative summed weights:
  0.2813E+00  0.3399E+00  0.1446E+00  0.2342E+00
 Relative number of events:
  0.3631E+00  0.3838E+00  0.1213E+00  0.1318E+00
 Events:
        1452        1535         485         527
 Accuracy:    0.323   0.100   0.169   3.652
 Found          221  events.
 Wrote            5  events.
 Actual xsec    2.8966479729584487E-004
 Correct abs xsec    2.8966531885634615E-004
 Event xsec    2.8966531885634615E-004
 Events wgts > 1:            0
 % Cross section > 1:    0.0000000000000000        0.0000000000000000     
 Iteration  4   Mean: 0.7605E-03 Abs mean: 0.7605E-03   Fluctuation:  0.176E-03   0.907E+00    46.4%
  4    0.7605E-03 0.7605E-03 +- 0.1765E-03     20.75
 Relative summed weights:
  0.2669E+00  0.4505E+00  0.1276E+00  0.1551E+00
 Relative number of events:
  0.3790E+00  0.3620E+00  0.1328E+00  0.1261E+00
 Events:
        3032        2896        1062        1009
 Accuracy:    0.317   0.100   0.137   5.377
 Found          909  events.
 Wrote            6  events.
 Actual xsec    5.3198847037189199E-004
 Correct abs xsec    5.3198880880224149E-004
 Event xsec    5.3198880880224149E-004
 Events wgts > 1:            1
 % Cross section > 1:    5.6347233058943666E-012   1.0591807971639094E-006
 Iteration  5   Mean: 0.1962E-02 Abs mean: 0.1962E-02   Fluctuation:  0.638E-03   0.874E+01    55.6%
  5    0.1962E-02 0.1962E-02 +- 0.6378E-03     41.12
 Relative summed weights:
  0.5977E+00  0.1462E+00  0.1243E+00  0.1318E+00
 Relative number of events:
  0.3737E+00  0.3808E+00  0.1187E+00  0.1268E+00
 Events:
        5979        6093        1899        2028
 Accuracy:    0.431   0.100   0.126  11.732
 Found         1012  events.
 Wrote            5  events.
 Actual xsec    8.0631269877845470E-004
 Correct abs xsec    8.0631304062366677E-004
 Event xsec    8.0631304062366677E-004
 Events wgts > 1:            1
 % Cross section > 1:    2.3369481886746299E-011   2.8983137701295863E-006

 -------------------------------------------------------------------------------
 Accumulated results:   Integral =  0.6790E-03
                        Std dev  =  0.8546E-04
                       Cross sec =  0.6790E-03
             Chi**2 per DoF.     =     11.7317
 -------------------------------------------------------------------------------
-------------------------------------------------
---------------------------
 Results Last   3 iters: Integral =   0.8063E-03
                     Abs integral =   0.8063E-03
                          Std dev =   0.1159E-03
                  Chi**2 per DoF. =     27.6768
-------------------------------------------------
---------------------------
 Status  0.10000000000000001                6           5

ls status:
events.lhe
ftn26
input_app.txt
input_sg.txt
moffset.dat
results.dat
run1_app.log
