 Process in group number            1
 A PDF is used, so alpha_s(MZ) is going to be modified
 Old value of alpha_s from param_card:   0.11790000000000000     
  ****************************************
 
       NNPDFDriver version 1.0.3
   Grid: NNPDF23_lo_as_0130_qed_mem0.grid
  ****************************************
 New value of alpha_s from PDF nn23lo1:  0.13000000000000000     
 Define smin to   12165.055200000001     
 Define smin to   12165.055200000001     
 *****************************************************
 *               MadGraph/MadEvent                   *
 *        --------------------------------           *
 *          http://madgraph.hep.uiuc.edu             *
 *          http://madgraph.phys.ucl.ac.be           *
 *          http://madgraph.roma2.infn.it            *
 *        --------------------------------           *
 *                                                   *
 *          PARAMETER AND COUPLING VALUES            *
 *                                                   *
 *****************************************************

  External Params
  ---------------------------------
  
 mdl_cdHRe =    0.0000000000000000     
 mdl_cdHIm =   0.26472479999999998     
 mdl_LambdaSMEFT =    1000.0000000000000     
 mdl_MW =    80.387000000000000     
 mdl_Gf =    1.1663789999999999E-005
 aS =   0.11790000000000000     
 mdl_ymb =    4.1799999999999997     
 mdl_ymt =    172.75999999999999     
 mdl_MZ =    91.187600000000003     
 mdl_MT =    172.75999999999999     
 mdl_MB =    4.1799999999999997     
 mdl_MH =    125.09000000000000     
 mdl_WZ =    2.4952000000000001     
 mdl_WW =    2.0850000000000000     
 mdl_WT =    1.3300000000000001     
 mdl_WH =    4.0699999999999998E-003
  Internal Params
  ---------------------------------
  
 mdl_dg1 =    0.0000000000000000     
 mdl_cHq3 =    0.0000000000000000     
 mdl_dWW =    0.0000000000000000     
 mdl_dWHc =    0.0000000000000000     
 mdl_cH =    0.0000000000000000     
 mdl_dMH2 =    0.0000000000000000     
 mdl_cHB =    0.0000000000000000     
 mdl_dWHta =    0.0000000000000000     
 mdl_cHl3 =    0.0000000000000000     
 mdl_cHW =    0.0000000000000000     
 mdl_dGf =    0.0000000000000000     
 mdl_dgw =    0.0000000000000000     
 mdl_dkH =    0.0000000000000000     
 mdl_cHG =    0.0000000000000000     
 mdl_cHWB =    0.0000000000000000     
 mdl_complexi =                (0.0000000000000000,1.0000000000000000)
 mdl_cdH =               (0.0000000000000000,0.26472479999999998)
 mdl_MWsm =    80.387000000000000     
 mdl_MW__exp__2 =    6462.0697689999997     
 mdl_MZ__exp__2 =    8315.1783937600012     
 mdl_sqrt__2 =    1.4142135623730951     
 mdl_nb__2__exp__0_25 =    1.1892071150027210     
 mdl_MH__exp__2 =    15647.508100000001     
 mdl_sth2 =   0.22285855299877133     
 mdl_nb__10__exp___m_40 =    9.9999999999999993E-041
 mdl_MZ1 =    91.187600000000003     
 mdl_MH1 =    125.09000000000000     
 mdl_MT1 =    172.75999999999999     
 mdl_WZ1 =    2.4952000000000001     
 mdl_WW1 =    2.0850000000000000     
 mdl_WH1 =    4.0699999999999998E-003
 mdl_WT1 =    1.3300000000000001     
 mdl_cth =   0.88155626422890820     
 mdl_MW1 =    80.387000000000000     
 mdl_sqrt__sth2 =   0.47207896902824564     
 mdl_sth =   0.47207896902824564     
 mdl_LambdaSMEFT__exp__2 =    1000000.0000000000     
 mdl_MT__exp__2 =    29846.017599999996     
 mdl_MH__exp__6 =    3831206449390.3818     
 mdl_MWsm__exp__6 =    269845343347.69711     
 mdl_MH__exp__4 =    244844509.73956564     
 mdl_MWsm__exp__4 =    41758345.699423708     
 mdl_MWsm__exp__2 =    6462.0697689999997     
 mdl_MZ__exp__4 =    69142191.720053151     
 mdl_MZ__exp__6 =    574929658687.79749     
 mdl_cth__exp__2 =   0.77714144700122867     
 mdl_sth__exp__2 =   0.22285855299877130     
 mdl_MB__exp__2 =    17.472399999999997     
 mdl_MZ__exp__3 =    758241.16129882948     
 mdl_sth__exp__4 =    4.9665934644706158E-002
 mdl_sth__exp__6 =    1.1068478328250760E-002
 mdl_sth__exp__3 =   0.10520683593878660     
 mdl_sth__exp__5 =    2.3446243222897113E-002
 mdl_cth__exp__3 =   0.68509391079585125     
 mdl_aEW =    7.5614618607353409E-003
 mdl_sqrt__Gf =    3.4152291284773265E-003
 mdl_vevhat =    246.21961912951551     
 mdl_lam =   0.12905352724481209     
 mdl_sqrt__aEW =    8.6956666568672819E-002
 mdl_ee =   0.30825335704310214     
 mdl_yb =    2.4008698866559607E-002
 mdl_yt =   0.99228297037962632     
 mdl_vevhat__exp__2 =    60624.100844283676     
 mdl_vevT =    246.21961912951551     
 mdl_g1 =   0.34966952144878632     
 mdl_gw =   0.65296989967087182     
 mdl_ee__exp__2 =    9.5020132128342205E-002
 mdl_gHaa =   -1.9312250240531351E-003
 mdl_gHza =   -6.8562264784117729E-003
 mdl_barlam =   0.12905352724481209     
 mdl_gwsh =   0.65296989967087182     
 mdl_vev =    246.21961912951551     
 mdl_dWHb =   -0.0000000000000000     
 mdl_g1sh =   0.34966952144878632     
 mdl_ee__exp__3 =    2.9290274715240611E-002
 mdl_vevhat__exp__3 =    14926843.019948866     
  Internal Params evaluated point by point
  ----------------------------------------
  
 mdl_sqrt__aS =   0.34336569426778790     
 mdl_gHgg2 =   -3.6486270703817007E-004
 mdl_gHgg4 =    1.0424648772519146E-004
 mdl_gHgg5 =    1.8764367790534461E-003
 mdl_G__exp__2 =    1.4815750954329465     
 mdl_gHgg1 =    3.1273946317557436E-003
 mdl_gHgg3 =    7.6133275785037098E-004
 mdl_G__exp__3 =                (1.8033727530176447,0.0000000000000000)
 mdl_dWH =    0.0000000000000000     
  Couplings of SMEFTsim_U35_MwScheme_UFO-massless
  ---------------------------------
  
         GC_1 =   0.00000E+00   0.10275E+00
         GC_2 =  -0.00000E+00  -0.20550E+00
         GC_3 =  -0.00000E+00  -0.30825E+00
       GC_135 =  -0.00000E+00  -0.37035E+00
       GC_195 =  -0.00000E+00  -0.55024E-01
       GC_196 =   0.00000E+00   0.11005E+00
       GC_197 =  -0.00000E+00  -0.16507E+00
       GC_223 =  -0.00000E+00  -0.31374E-04
       GC_227 =  -0.00000E+00  -0.55692E-04
       GC_284 =   0.00000E+00   0.67543E+02
       GC_451 =  -0.00000E+00  -0.16977E-01
       GC_503 =  -0.27245E-03   0.00000E+00
       GC_504 =   0.00000E+00   0.00000E+00

 Collider parameters:
 --------------------

 Running at P P   machine @    13000.000000000000       GeV
 PDF set = nn23lo1
 alpha_s(Mz)= 0.1300 running at 2 loops.
 alpha_s(Mz)= 0.1300 running at 2 loops.
 Renormalization scale set on event-by-event basis
 Factorization   scale set on event-by-event basis


 getting user params
Enter number of events and max and min iterations: 
 Number of events and iterations         1000           5           3
Enter desired fractional accuracy: 
 Desired fractional accuracy:   0.10000000000000001     
Enter 0 for fixed, 2 for adjustable grid: 
Suppress amplitude (0 no, 1 yes)? 
 Using suppressed amplitude.
Exact helicity sum (0 yes, n = number/event)? 
 Explicitly summing over helicities
Enter Configuration Number: 
Running Configuration Number:   13
 Not subdividing B.W.
 Attempting mappinvarients           1           6
 Determine nb_t
 T-channel found:            0
 Completed mapping           6
 about to integrate           10        1000           5           3          10           1
 Using non-zero grid deformation.
 10 dimensions   1000 events 10 invarients  5 iterations  1 config(s),  (0.99)
 Using h-tuple random number sequence.
 Error opening grid
 Using Uniform Grid!          24
 Using uniform alpha   1.0000000000000000     
 Grid defined OK
 Masses: 0.000E+00 0.000E+00 0.418E+01 0.418E+01 0.000E+00 0.000E+00
 Set CM energy to      13000.00
 Mapping Graph          13  to config          13
 Determine nb_t
 T-channel found:            0
Setting grid   1    0.75740E-07   1
Setting grid   2    0.35611E-06   1
 Transforming s_hat 1/s            9   7.1982575147929015E-005   12165.055200000001        168999999.99999997     
 Got moffset           1
Using random seed offsets    13 :      1
  with seed                   33
 Ranmar initialization seeds       11961       12565
 
 ********************************************
 * You are using the DiscreteSampler module *
 *      part of the MG5_aMC framework       *
 *         Author: Valentin Hirschi         *
 ********************************************
 
  Particle       3       4       5       6
      Et >     0.0     0.0    10.0    10.0
       E >     0.0     0.0     0.0     0.0
     Eta <    -1.0    -1.0     2.5     2.5
   xqcut:      0.0     0.0     0.0     0.0
d R # 3  >    -0.0     0.0     0.0     0.0
d R # 4  >    -0.0    -0.0     0.0     0.0
d R # 5  >    -0.0    -0.0    -0.0     0.4
s min # 3>     0.0 12100.0    17.5     0.0
s min # 4>     0.0     0.0    17.5     0.0
s min # 5>     0.0     0.0     0.0     0.0
xqcutij # 3>     0.0     0.0     0.0     0.0
xqcutij # 4>     0.0     0.0     0.0     0.0
xqcutij # 5>     0.0     0.0     0.0     0.0
 alpha_s for scale    170.66995658532491       is   0.11771509723810759     
 RESET CUMULATIVE VARIABLE
 Iteration  1   Mean: 0.6364E-05 Abs mean: 0.6364E-05   Fluctuation:  0.104E-05   0.549E-03     5.3%
  1    0.6364E-05 0.6364E-05 +- 0.1043E-05      5.18
 Writing out events   2.4003247352400874E-008   5.1828628719655940     
 Relative summed weights:
  0.7050E-01  0.2142E+00  0.3525E-01  0.5528E-01
  0.2475E+00  0.2581E+00  0.3000E-01  0.8911E-01
 Relative number of events:
  0.6349E-01  0.7440E-01  0.2083E-01  0.1389E-01
  0.3313E+00  0.2877E+00  0.1081E+00  0.1002E+00
 Events:
          64          75          21          14
         334         290         109         101
 Iteration  2   Mean: 0.1929E-04 Abs mean: 0.1929E-04   Fluctuation:  0.824E-05   0.151E-01     9.4%
  2    0.1929E-04 0.1929E-04 +- 0.8239E-05     19.10
 Relative summed weights:
  0.9474E-01  0.7982E-01  0.9890E-02  0.5642E-02
  0.6459E+00  0.7188E-01  0.3074E-01  0.6141E-01
 Relative number of events:
  0.6065E-01  0.5263E-01  0.1353E-01  0.1404E-01
  0.3213E+00  0.3278E+00  0.1083E+00  0.1018E+00
 Events:
         121         105          27          28
         641         654         216         203
 Iteration  3   Mean: 0.8994E-05 Abs mean: 0.8994E-05   Fluctuation:  0.110E-05   0.241E-02     7.2%
  3    0.8994E-05 0.8994E-05 +- 0.1098E-05      7.72
 Relative summed weights:
  0.2509E+00  0.1528E+00  0.4910E-01  0.3731E-01
  0.1694E+00  0.1744E+00  0.9074E-01  0.7540E-01
 Relative number of events:
  0.6277E-01  0.6302E-01  0.1725E-01  0.1525E-01
  0.3128E+00  0.3208E+00  0.1023E+00  0.1058E+00
 Events:
         251         252          69          61
        1251        1283         409         423
 Accuracy:    0.225   0.100   0.095   5.539
 Found          718  events.
 Wrote           12  events.
 Actual xsec    8.6161483385664128E-006
 Correct abs xsec    8.6161928833660414E-006
 Event xsec    8.6161928833660397E-006
 Events wgts > 1:            1
 % Cross section > 1:    1.7635742726047741E-013   2.0468138265676900E-006
 Iteration  4   Mean: 0.1015E-04 Abs mean: 0.1015E-04   Fluctuation:  0.115E-05   0.773E-02     7.5%
  4    0.1015E-04 0.1015E-04 +- 0.1155E-05     10.18
 Relative summed weights:
  0.1644E+00  0.1329E+00  0.5451E-01  0.1712E+00
  0.1389E+00  0.1594E+00  0.1227E+00  0.5598E-01
 Relative number of events:
  0.7083E-01  0.6595E-01  0.1577E-01  0.1276E-01
  0.3106E+00  0.3212E+00  0.1042E+00  0.9861E-01
 Events:
         566         527         126         102
        2482        2567         833         788
 Accuracy:    0.139   0.100   0.073   3.620
 Found         2416  events.
 Wrote           18  events.
 Actual xsec    9.9671211513504243E-006
 Correct abs xsec    9.9672409071726434E-006
 Event xsec    9.9672409071726383E-006
 Events wgts > 1:            0
 % Cross section > 1:    0.0000000000000000        0.0000000000000000     
 Iteration  5   Mean: 0.2041E-03 Abs mean: 0.2041E-03   Fluctuation:  0.178E-03   0.283E+01     8.0%
  5    0.2041E-03 0.2041E-03 +- 0.1778E-03    110.16
 Relative summed weights:
  0.7447E-02  0.8747E+00  0.4371E-02  0.2386E-02
  0.7542E-02  0.8253E-02  0.9169E-01  0.3615E-02
 Relative number of events:
  0.6991E-01  0.6878E-01  0.1458E-01  0.1321E-01
  0.3165E+00  0.3180E+00  0.1003E+00  0.9876E-01
 Events:
        1117        1099         233         211
        5057        5081        1602        1578
 Accuracy:    0.773   0.100   0.073 112.404
 Found         4998  events.
 Wrote            1  events.
 Actual xsec    1.1374365790213156E-005
 Correct abs xsec    1.1374468674749732E-005
 Event xsec    1.1374468674749734E-005
 Events wgts > 1:            0
 % Cross section > 1:    0.0000000000000000        0.0000000000000000     

 -------------------------------------------------------------------------------
 Accumulated results:   Integral =  0.1061E-04
                        Std dev  =  0.7734E-06
                       Cross sec =  0.1061E-04
             Chi**2 per DoF.     =    112.4044
 -------------------------------------------------------------------------------
-------------------------------------------------
---------------------------
 Results Last   3 iters: Integral =   0.1137E-04
                     Abs integral =   0.1137E-04
                          Std dev =   0.9426E-06
                  Chi**2 per DoF. =      3.4972
-------------------------------------------------
---------------------------
 Status  0.10000000000000001                6           5

ls status:
events.lhe
ftn26
input_app.txt
input_sg.txt
moffset.dat
results.dat
run1_app.log
