 Process in group number            1
 A PDF is used, so alpha_s(MZ) is going to be modified
 Old value of alpha_s from param_card:   0.11799999999999999     
  ****************************************
 
       NNPDFDriver version 1.0.3
   Grid: NNPDF23_lo_as_0130_qed_mem0.grid
  ****************************************
 New value of alpha_s from PDF nn23lo1:  0.13000000000000000     
 Define smin to   12155.820000000000     
 Define smin to   12155.820000000000     
 *****************************************************
 *               MadGraph/MadEvent                   *
 *        --------------------------------           *
 *          http://madgraph.hep.uiuc.edu             *
 *          http://madgraph.phys.ucl.ac.be           *
 *          http://madgraph.roma2.infn.it            *
 *        --------------------------------           *
 *                                                   *
 *          PARAMETER AND COUPLING VALUES            *
 *                                                   *
 *****************************************************

  External Params
  ---------------------------------
  
 aEWM1 =    132.50700000000001     
 mdl_Gf =    1.1663900000000000E-005
 aS =   0.11799999999999999     
 mdl_ymb =    4.7000000000000002     
 mdl_ymt =    173.00000000000000     
 mdl_ymtau =    1.7769999999999999     
 mdl_MZ =    91.188000000000002     
 mdl_MT =    173.00000000000000     
 mdl_MB =    4.7000000000000002     
 mdl_MH =    125.00000000000000     
 mdl_MTA =    1.7769999999999999     
 mdl_WZ =    2.4414039999999999     
 mdl_WW =    2.0476000000000001     
 mdl_WT =    1.4915000000000000     
 mdl_WH =    6.3823389999999999E-003
  Internal Params
  ---------------------------------
  
 mdl_conjg__CKM1x1 =    1.0000000000000000     
 mdl_CKM3x3 =    1.0000000000000000     
 mdl_conjg__CKM3x3 =    1.0000000000000000     
 mdl_complexi =                (0.0000000000000000,1.0000000000000000)
 mdl_MZ__exp__2 =    8315.2513440000002     
 mdl_MZ__exp__4 =    69143404.913893804     
 mdl_sqrt__2 =    1.4142135623730951     
 mdl_MH__exp__2 =    15625.000000000000     
 mdl_aEW =    7.5467711139788835E-003
 mdl_MW =    80.419002445756163     
 mdl_sqrt__aEW =    8.6872153846781555E-002
 mdl_ee =   0.30795376724436879     
 mdl_MW__exp__2 =    6467.2159543705357     
 mdl_sw2 =   0.22224648578577766     
 mdl_cw =   0.88190334743339216     
 mdl_sqrt__sw2 =   0.47143025548407230     
 mdl_sw =   0.47143025548407230     
 mdl_g1 =   0.34919219678733299     
 mdl_gw =   0.65323293034757990     
 mdl_vev =    246.21845810181637     
 mdl_vev__exp__2 =    60623.529110035903     
 mdl_lam =   0.12886910601690263     
 mdl_yb =    2.6995554250465490E-002
 mdl_yt =   0.99366614581500623     
 mdl_ytau =    1.0206617000654717E-002
 mdl_muH =    88.388347648318430     
 mdl_I1x33 =          (2.69955542504654901E-002,0.0000000000000000)
 mdl_I2x33 =               (0.99366614581500623,0.0000000000000000)
 mdl_I3x33 =               (0.99366614581500623,0.0000000000000000)
 mdl_I4x33 =          (2.69955542504654901E-002,0.0000000000000000)
 mdl_ee__exp__2 =    9.4835522759998875E-002
 mdl_sw__exp__2 =   0.22224648578577769     
 mdl_cw__exp__2 =   0.77775351421422245     
  Internal Params evaluated point by point
  ----------------------------------------
  
 mdl_sqrt__aS =   0.34351128074635334     
 mdl_G__exp__2 =    1.4828317324943823     
  Couplings of sm
  ---------------------------------
  
         GC_1 =  -0.00000E+00  -0.10265E+00
         GC_2 =   0.00000E+00   0.20530E+00
         GC_3 =  -0.00000E+00  -0.30795E+00
        GC_50 =  -0.00000E+00  -0.28804E+00
        GC_58 =  -0.00000E+00  -0.27437E-01
        GC_59 =   0.00000E+00   0.82310E-01
        GC_81 =   0.00000E+00   0.67544E+02
        GC_83 =  -0.00000E+00  -0.19089E-01

 Collider parameters:
 --------------------

 Running at P P   machine @    13000.000000000000       GeV
 PDF set = nn23lo1
 alpha_s(Mz)= 0.1300 running at 2 loops.
 alpha_s(Mz)= 0.1300 running at 2 loops.
 Renormalization scale set on event-by-event basis
 Factorization   scale set on event-by-event basis


 getting user params
Enter number of events and max and min iterations: 
 Number of events and iterations         1000           5           3
Enter desired fractional accuracy: 
 Desired fractional accuracy:   0.10000000000000001     
Enter 0 for fixed, 2 for adjustable grid: 
Suppress amplitude (0 no, 1 yes)? 
 Using suppressed amplitude.
Exact helicity sum (0 yes, n = number/event)? 
 Explicitly summing over helicities
Enter Configuration Number: 
Running Configuration Number:   20
 Not subdividing B.W.
 Attempting mappinvarients           1           6
 Determine nb_t
 T-channel found:            1
 Completed mapping           6
 about to integrate           10        1000           5           3          10           1
 Using non-zero grid deformation.
 10 dimensions   1000 events 10 invarients  5 iterations  1 config(s),  (0.99)
 Using h-tuple random number sequence.
 Error opening grid
 Using Uniform Grid!          24
 Using uniform alpha   1.0000000000000000     
 Grid defined OK
 Masses: 0.000E+00 0.000E+00 0.470E+01 0.470E+01 0.000E+00 0.000E+00
 Set CM energy to      13000.00
 Mapping Graph          20  to config          20
 Determine nb_t
 T-channel found:            1
Setting grid   1    0.71598E-04   1
 Setting BW          -2           1   91.188000000000002     
Setting grid   3    0.23669E-05   1
 Transforming s_hat 1/s            9   1.0000000000000002E-004   12155.820000000000        168999999.99999997     
Using random seed offsets    20 :      1
  with seed                   33
 Ranmar initialization seeds       11968        9408
 
 ********************************************
 * You are using the DiscreteSampler module *
 *      part of the MG5_aMC framework       *
 *         Author: Valentin Hirschi         *
 ********************************************
 
  Particle       3       4       5       6
      Et >     0.0     0.0    10.0    10.0
       E >     0.0     0.0     0.0     0.0
     Eta <    -1.0    -1.0     2.5     2.5
   xqcut:      0.0     0.0     0.0     0.0
d R # 3  >    -0.0     0.0     0.0     0.0
d R # 4  >    -0.0    -0.0     0.0     0.0
d R # 5  >    -0.0    -0.0    -0.0     0.4
s min # 3>     0.0 12100.0    22.1     0.0
s min # 4>     0.0     0.0    22.1     0.0
s min # 5>     0.0     0.0     0.0     0.0
xqcutij # 3>     0.0     0.0     0.0     0.0
xqcutij # 4>     0.0     0.0     0.0     0.0
xqcutij # 5>     0.0     0.0     0.0     0.0
 No cut BW           -2           1
 alpha_s for scale    155.76249396238234       is   0.11935656308245814     
 RESET CUMULATIVE VARIABLE
 Iteration  1   Mean: 0.3413E-03 Abs mean: 0.3413E-03   Fluctuation:  0.375E-04   0.160E-01    15.9%
  1    0.3413E-03 0.3413E-03 +- 0.3753E-04      3.48
 Writing out events   4.3068550799317054E-007   3.4769957203462165     
 Relative summed weights:
  0.3252E+00  0.2436E+00  0.2703E+00  0.1609E+00
 Relative number of events:
  0.3082E+00  0.2815E+00  0.2141E+00  0.1962E+00
 Events:
         311         284         216         198
 Iteration  2   Mean: 0.4000E-01 Abs mean: 0.4000E-01   Fluctuation:  0.397E-01   0.793E+02    38.0%
  2    0.4000E-01 0.4000E-01 +- 0.3967E-01     44.35
 Relative summed weights:
  0.1577E-02  0.1942E-02  0.9947E+00  0.1747E-02
 Relative number of events:
  0.2810E+00  0.3050E+00  0.2100E+00  0.2040E+00
 Events:
         562         610         420         408
 Iteration  3   Mean: 0.6420E-03 Abs mean: 0.6420E-03   Fluctuation:  0.189E-03   0.557E+00    60.0%
  3    0.6420E-03 0.6420E-03 +- 0.1888E-03     18.59
 Relative summed weights:
  0.3499E+00  0.1270E+00  0.3737E+00  0.1494E+00
 Relative number of events:
  0.3073E+00  0.2963E+00  0.1978E+00  0.1988E+00
 Events:
        1229        1185         791         795
 Accuracy:    3.595   0.100   0.1021231.644
 Found           12  events.
 Wrote            4  events.
 Actual xsec    8.0100928064022990E-004
 Correct abs xsec    8.0100928064022990E-004
 Event xsec    8.0100928064022990E-004
 Events wgts > 1:            0
 % Cross section > 1:    0.0000000000000000        0.0000000000000000     
 Iteration  4   Mean: 0.1784E-02 Abs mean: 0.1784E-02   Fluctuation:  0.674E-03   0.458E+01    63.5%
  4    0.1784E-02 0.1784E-02 +- 0.6743E-03     33.80
 Relative summed weights:
  0.1797E+00  0.3174E+00  0.8816E-01  0.4147E+00
 Relative number of events:
  0.3076E+00  0.3035E+00  0.1984E+00  0.1905E+00
 Events:
        2461        2428        1587        1524
 Accuracy:    2.619   0.100   0.099 701.553
 Found          512  events.
 Wrote            4  events.
 Actual xsec    3.0934825096222084E-003
 Correct abs xsec    3.0934825096222084E-003
 Event xsec    3.0934825096222084E-003
 Events wgts > 1:            0
 % Cross section > 1:    0.0000000000000000        0.0000000000000000     
 Iteration  5   Mean: 0.1686E-02 Abs mean: 0.1686E-02   Fluctuation:  0.194E-03   0.143E+01    65.9%
  5    0.1686E-02 0.1686E-02 +- 0.1940E-03     14.55
 Relative summed weights:
  0.2050E+00  0.2599E+00  0.1708E+00  0.3642E+00
 Relative number of events:
  0.3141E+00  0.3063E+00  0.1906E+00  0.1890E+00
 Events:
        5025        4901        3050        3024
 Accuracy:    1.240   0.100   0.075 273.348
 Found          799  events.
 Wrote           22  events.
 Actual xsec    1.5650934136056235E-003
 Correct abs xsec    1.5650934136056235E-003
 Event xsec    1.5650934136056233E-003
 Events wgts > 1:            1
 % Cross section > 1:    6.9063572647980724E-006  0.44127444437245300     

 -------------------------------------------------------------------------------
 Accumulated results:   Integral =  0.1216E-02
                        Std dev  =  0.9116E-04
                       Cross sec =  0.1216E-02
             Chi**2 per DoF.     =    273.3478
 -------------------------------------------------------------------------------
-------------------------------------------------
---------------------------
 Results Last   3 iters: Integral =   0.1565E-02
                     Abs integral =   0.1565E-02
                          Std dev =   0.1613E-03
                  Chi**2 per DoF. =     12.2048
-------------------------------------------------
---------------------------
 Status  0.10000000000000001                6           5

ls status:
events.lhe
ftn26
input_app.txt
multijob.dat
results.dat
run1_app.log
run_01_log.txt
