 Process in group number            1
 A PDF is used, so alpha_s(MZ) is going to be modified
 Old value of alpha_s from param_card:   0.11790000000000000     
  ****************************************
 
       NNPDFDriver version 1.0.3
   Grid: NNPDF23_lo_as_0130_qed_mem0.grid
  ****************************************
 New value of alpha_s from PDF nn23lo1:  0.13000000000000000     
 Define smin to   12165.055200000001     
 Define smin to   12165.055200000001     
 *****************************************************
 *               MadGraph/MadEvent                   *
 *        --------------------------------           *
 *          http://madgraph.hep.uiuc.edu             *
 *          http://madgraph.phys.ucl.ac.be           *
 *          http://madgraph.roma2.infn.it            *
 *        --------------------------------           *
 *                                                   *
 *          PARAMETER AND COUPLING VALUES            *
 *                                                   *
 *****************************************************

  External Params
  ---------------------------------
  
 mdl_cdHRe =    0.0000000000000000     
 mdl_cdHIm =   0.26472479999999998     
 mdl_LambdaSMEFT =    1000.0000000000000     
 mdl_MW =    80.387000000000000     
 mdl_Gf =    1.1663789999999999E-005
 aS =   0.11790000000000000     
 mdl_ymb =    4.1799999999999997     
 mdl_ymt =    172.75999999999999     
 mdl_MZ =    91.187600000000003     
 mdl_MT =    172.75999999999999     
 mdl_MB =    4.1799999999999997     
 mdl_MH =    125.09000000000000     
 mdl_WZ =    2.4952000000000001     
 mdl_WW =    2.0850000000000000     
 mdl_WT =    1.3300000000000001     
 mdl_WH =    4.0699999999999998E-003
  Internal Params
  ---------------------------------
  
 mdl_dg1 =    0.0000000000000000     
 mdl_cHq3 =    0.0000000000000000     
 mdl_dWW =    0.0000000000000000     
 mdl_dWHc =    0.0000000000000000     
 mdl_cH =    0.0000000000000000     
 mdl_dMH2 =    0.0000000000000000     
 mdl_cHB =    0.0000000000000000     
 mdl_dWHta =    0.0000000000000000     
 mdl_cHl3 =    0.0000000000000000     
 mdl_cHW =    0.0000000000000000     
 mdl_dGf =    0.0000000000000000     
 mdl_dgw =    0.0000000000000000     
 mdl_dkH =    0.0000000000000000     
 mdl_cHG =    0.0000000000000000     
 mdl_cHWB =    0.0000000000000000     
 mdl_complexi =                (0.0000000000000000,1.0000000000000000)
 mdl_cdH =               (0.0000000000000000,0.26472479999999998)
 mdl_MWsm =    80.387000000000000     
 mdl_MW__exp__2 =    6462.0697689999997     
 mdl_MZ__exp__2 =    8315.1783937600012     
 mdl_sqrt__2 =    1.4142135623730951     
 mdl_nb__2__exp__0_25 =    1.1892071150027210     
 mdl_MH__exp__2 =    15647.508100000001     
 mdl_sth2 =   0.22285855299877133     
 mdl_nb__10__exp___m_40 =    9.9999999999999993E-041
 mdl_MZ1 =    91.187600000000003     
 mdl_MH1 =    125.09000000000000     
 mdl_MT1 =    172.75999999999999     
 mdl_WZ1 =    2.4952000000000001     
 mdl_WW1 =    2.0850000000000000     
 mdl_WH1 =    4.0699999999999998E-003
 mdl_WT1 =    1.3300000000000001     
 mdl_cth =   0.88155626422890820     
 mdl_MW1 =    80.387000000000000     
 mdl_sqrt__sth2 =   0.47207896902824564     
 mdl_sth =   0.47207896902824564     
 mdl_LambdaSMEFT__exp__2 =    1000000.0000000000     
 mdl_MT__exp__2 =    29846.017599999996     
 mdl_MH__exp__6 =    3831206449390.3818     
 mdl_MWsm__exp__6 =    269845343347.69711     
 mdl_MH__exp__4 =    244844509.73956564     
 mdl_MWsm__exp__4 =    41758345.699423708     
 mdl_MWsm__exp__2 =    6462.0697689999997     
 mdl_MZ__exp__4 =    69142191.720053151     
 mdl_MZ__exp__6 =    574929658687.79749     
 mdl_cth__exp__2 =   0.77714144700122867     
 mdl_sth__exp__2 =   0.22285855299877130     
 mdl_MB__exp__2 =    17.472399999999997     
 mdl_MZ__exp__3 =    758241.16129882948     
 mdl_sth__exp__4 =    4.9665934644706158E-002
 mdl_sth__exp__6 =    1.1068478328250760E-002
 mdl_sth__exp__3 =   0.10520683593878660     
 mdl_sth__exp__5 =    2.3446243222897113E-002
 mdl_cth__exp__3 =   0.68509391079585125     
 mdl_aEW =    7.5614618607353409E-003
 mdl_sqrt__Gf =    3.4152291284773265E-003
 mdl_vevhat =    246.21961912951551     
 mdl_lam =   0.12905352724481209     
 mdl_sqrt__aEW =    8.6956666568672819E-002
 mdl_ee =   0.30825335704310214     
 mdl_yb =    2.4008698866559607E-002
 mdl_yt =   0.99228297037962632     
 mdl_vevhat__exp__2 =    60624.100844283676     
 mdl_vevT =    246.21961912951551     
 mdl_g1 =   0.34966952144878632     
 mdl_gw =   0.65296989967087182     
 mdl_ee__exp__2 =    9.5020132128342205E-002
 mdl_gHaa =   -1.9312250240531351E-003
 mdl_gHza =   -6.8562264784117729E-003
 mdl_barlam =   0.12905352724481209     
 mdl_gwsh =   0.65296989967087182     
 mdl_vev =    246.21961912951551     
 mdl_dWHb =   -0.0000000000000000     
 mdl_g1sh =   0.34966952144878632     
 mdl_ee__exp__3 =    2.9290274715240611E-002
 mdl_vevhat__exp__3 =    14926843.019948866     
  Internal Params evaluated point by point
  ----------------------------------------
  
 mdl_sqrt__aS =   0.34336569426778790     
 mdl_gHgg2 =   -3.6486270703817007E-004
 mdl_gHgg4 =    1.0424648772519146E-004
 mdl_gHgg5 =    1.8764367790534461E-003
 mdl_G__exp__2 =    1.4815750954329465     
 mdl_gHgg1 =    3.1273946317557436E-003
 mdl_gHgg3 =    7.6133275785037098E-004
 mdl_G__exp__3 =                (1.8033727530176447,0.0000000000000000)
 mdl_dWH =    0.0000000000000000     
  Couplings of SMEFTsim_U35_MwScheme_UFO-massless
  ---------------------------------
  
         GC_1 =   0.00000E+00   0.10275E+00
         GC_2 =  -0.00000E+00  -0.20550E+00
         GC_3 =  -0.00000E+00  -0.30825E+00
       GC_135 =  -0.00000E+00  -0.37035E+00
       GC_195 =  -0.00000E+00  -0.55024E-01
       GC_196 =   0.00000E+00   0.11005E+00
       GC_197 =  -0.00000E+00  -0.16507E+00
       GC_223 =  -0.00000E+00  -0.31374E-04
       GC_227 =  -0.00000E+00  -0.55692E-04
       GC_284 =   0.00000E+00   0.67543E+02
       GC_451 =  -0.00000E+00  -0.16977E-01
       GC_503 =  -0.27245E-03   0.00000E+00
       GC_504 =   0.00000E+00   0.00000E+00

 Collider parameters:
 --------------------

 Running at P P   machine @    13000.000000000000       GeV
 PDF set = nn23lo1
 alpha_s(Mz)= 0.1300 running at 2 loops.
 alpha_s(Mz)= 0.1300 running at 2 loops.
 Renormalization scale set on event-by-event basis
 Factorization   scale set on event-by-event basis


 getting user params
Enter number of events and max and min iterations: 
 Number of events and iterations         1000           5           3
Enter desired fractional accuracy: 
 Desired fractional accuracy:   0.10000000000000001     
Enter 0 for fixed, 2 for adjustable grid: 
Suppress amplitude (0 no, 1 yes)? 
 Using suppressed amplitude.
Exact helicity sum (0 yes, n = number/event)? 
 Explicitly summing over helicities
Enter Configuration Number: 
Running Configuration Number:   15
 Not subdividing B.W.
 Attempting mappinvarients           1           6
 Determine nb_t
 T-channel found:            0
 Completed mapping           6
 about to integrate           10        1000           5           3          10           1
 Using non-zero grid deformation.
 10 dimensions   1000 events 10 invarients  5 iterations  1 config(s),  (0.99)
 Using h-tuple random number sequence.
 Error opening grid
 Using Uniform Grid!          24
 Using uniform alpha   1.0000000000000000     
 Grid defined OK
 Masses: 0.000E+00 0.000E+00 0.418E+01 0.418E+01 0.000E+00 0.000E+00
 Set CM energy to      13000.00
 Mapping Graph          15  to config          15
 Determine nb_t
 T-channel found:            0
 Setting BW          -1           1   91.187600000000003     
Setting grid   2    0.35611E-06   1
 Transforming s_hat 1/s            9   7.1982575147929015E-005   12165.055200000001        168999999.99999997     
Using random seed offsets    15 :      1
  with seed                   33
 Ranmar initialization seeds       11963        9408
 
 ********************************************
 * You are using the DiscreteSampler module *
 *      part of the MG5_aMC framework       *
 *         Author: Valentin Hirschi         *
 ********************************************
 
  Particle       3       4       5       6
      Et >     0.0     0.0    10.0    10.0
       E >     0.0     0.0     0.0     0.0
     Eta <    -1.0    -1.0     2.5     2.5
   xqcut:      0.0     0.0     0.0     0.0
d R # 3  >    -0.0     0.0     0.0     0.0
d R # 4  >    -0.0    -0.0     0.0     0.0
d R # 5  >    -0.0    -0.0    -0.0     0.4
s min # 3>     0.0 12100.0    17.5     0.0
s min # 4>     0.0     0.0    17.5     0.0
s min # 5>     0.0     0.0     0.0     0.0
xqcutij # 3>     0.0     0.0     0.0     0.0
xqcutij # 4>     0.0     0.0     0.0     0.0
xqcutij # 5>     0.0     0.0     0.0     0.0
 No cut BW           -1           1
 alpha_s for scale    146.81409271204910       is   0.12044433444836407     
 RESET CUMULATIVE VARIABLE
 Iteration  1   Mean: 0.5013E-05 Abs mean: 0.5013E-05   Fluctuation:  0.651E-06   0.262E-03     7.6%
  1    0.5013E-05 0.5013E-05 +- 0.6510E-06      4.11
 Writing out events   1.3243643992188661E-008   4.1068412903117713     
 Relative summed weights:
  0.1361E+00  0.1763E+00  0.1179E+00  0.1193E+00
  0.1060E+00  0.9220E-01  0.1491E+00  0.1030E+00
 Relative number of events:
  0.4163E-01  0.8325E-01  0.2735E+00  0.2567E+00
  0.1110E+00  0.1051E+00  0.6739E-01  0.6145E-01
 Events:
          42          84         276         259
         112         106          68          62
 Iteration  2   Mean: 0.4952E-05 Abs mean: 0.4952E-05   Fluctuation:  0.464E-06   0.520E-03    31.7%
  2    0.4952E-05 0.4952E-05 +- 0.4636E-06      4.19
 Relative summed weights:
  0.1376E+00  0.9221E-01  0.1042E+00  0.1062E+00
  0.1100E+00  0.1630E+00  0.1675E+00  0.1193E+00
 Relative number of events:
  0.5650E-01  0.5100E-01  0.2585E+00  0.2665E+00
  0.1175E+00  0.1245E+00  0.6300E-01  0.6250E-01
 Events:
         113         102         517         533
         235         249         126         125
 Iteration  3   Mean: 0.1691E-04 Abs mean: 0.1691E-04   Fluctuation:  0.109E-04   0.435E-01    44.9%
  3    0.1691E-04 0.1691E-04 +- 0.1089E-04     40.73
 Relative summed weights:
  0.6206E-01  0.8420E-01  0.3153E-01  0.3569E-01
  0.3339E-01  0.3663E-01  0.3751E-01  0.6790E+00
 Relative number of events:
  0.6325E-01  0.6000E-01  0.2582E+00  0.2437E+00
  0.1195E+00  0.1308E+00  0.6325E-01  0.6125E-01
 Events:
         253         240        1033         975
         478         523         253         245
 Accuracy:    0.191   0.100   0.075   6.430
 Found          585  events.
 Wrote            1  events.
 Actual xsec    5.1362677990726721E-006
 Correct abs xsec    5.1362677990726721E-006
 Event xsec    5.1362677990726721E-006
 Events wgts > 1:            1
 % Cross section > 1:    6.6341132382767651E-014   1.2916213674595630E-006
 Iteration  4   Mean: 0.5577E-05 Abs mean: 0.5577E-05   Fluctuation:  0.368E-06   0.175E-02    41.2%
  4    0.5577E-05 0.5577E-05 +- 0.3682E-06      5.90
 Relative summed weights:
  0.1533E+00  0.1280E+00  0.9329E-01  0.1022E+00
  0.1962E+00  0.1313E+00  0.1148E+00  0.8097E-01
 Relative number of events:
  0.5925E-01  0.5862E-01  0.2456E+00  0.2597E+00
  0.1270E+00  0.1261E+00  0.6275E-01  0.6087E-01
 Events:
         474         469        1965        2078
        1016        1009         502         487
 Accuracy:    0.101   0.100   0.050   4.121
 Found          440  events.
 Wrote           16  events.
 Actual xsec    5.4499412719825697E-006
 Correct abs xsec    5.4499412719825697E-006
 Event xsec    5.4499412719825722E-006
 Events wgts > 1:            1
 % Cross section > 1:    5.9926015542536545E-014   1.0995717669584492E-006
 Iteration  5   Mean: 0.1162E-04 Abs mean: 0.1162E-04   Fluctuation:  0.290E-05   0.372E-01    48.1%
  5    0.1162E-04 0.1162E-04 +- 0.2896E-05     31.54
 Relative summed weights:
  0.1279E+00  0.7549E-01  0.8853E-01  0.2609E+00
  0.7569E-01  0.2825E+00  0.4347E-01  0.4558E-01
 Relative number of events:
  0.6175E-01  0.6313E-01  0.2596E+00  0.2524E+00
  0.1241E+00  0.1270E+00  0.5688E-01  0.5513E-01
 Events:
         988        1010        4153        4039
        1986        2032         910         882
 Accuracy:    0.134   0.100   0.049   7.580
 Found         1981  events.
 Wrote            7  events.
 Actual xsec    6.0791466844879142E-006
 Correct abs xsec    6.0791466844879142E-006
 Event xsec    6.0791466844879142E-006
 Events wgts > 1:            0
 % Cross section > 1:    0.0000000000000000        0.0000000000000000     

 -------------------------------------------------------------------------------
 Accumulated results:   Integral =  0.5624E-05
                        Std dev  =  0.2740E-06
                       Cross sec =  0.5624E-05
             Chi**2 per DoF.     =      7.5803
 -------------------------------------------------------------------------------
-------------------------------------------------
---------------------------
 Results Last   3 iters: Integral =   0.6079E-05
                     Abs integral =   0.6079E-05
                          Std dev =   0.3860E-06
                  Chi**2 per DoF. =      3.2508
-------------------------------------------------
---------------------------
 Status  0.10000000000000001                6           5

ls status:
events.lhe
ftn26
input_app.txt
results.dat
run1_app.log
run_01_log.txt
